2026-01-18 19:11:07.146 [info] [main] Log level: Info
2026-01-18 19:11:07.147 [info] [main] Validating found git in: "C:\Program Files\Git\cmd\git.exe"
2026-01-18 19:11:07.337 [info] [main] Using git "2.52.0.windows.1" from "C:\Program Files\Git\cmd\git.exe"
2026-01-18 19:11:07.337 [info] [Model][doInitialScan] Initial repository scan started
2026-01-18 19:11:08.165 [info] > git rev-parse --show-toplevel [739ms]
2026-01-18 19:11:08.696 [info] > git rev-parse --git-dir --git-common-dir --show-superproject-working-tree [515ms]
2026-01-18 19:11:08.757 [info] [Model][openRepository] Opened repository (path): c:\Users\colle\sporton-nath
2026-01-18 19:11:08.757 [info] [Model][openRepository] Opened repository (real path): c:\Users\colle\sporton-nath
2026-01-18 19:11:08.757 [info] [Model][openRepository] Opened repository (kind): repository
2026-01-18 19:11:09.044 [info] > git config --get commit.template [258ms]
2026-01-18 19:11:09.052 [info] > git rev-parse --show-toplevel [258ms]
2026-01-18 19:11:09.149 [info] > git for-each-ref --format=%(refname)%00%(upstream:short)%00%(objectname)%00%(upstream:track)%00%(upstream:remotename)%00%(upstream:remoteref) --ignore-case refs/heads/main refs/remotes/main [324ms]
2026-01-18 19:11:09.490 [info] > git check-ignore -v -z --stdin [450ms]
2026-01-18 19:11:09.608 [info] > git for-each-ref --sort -committerdate --format %(refname)%00%(objectname)%00%(*objectname) [433ms]
2026-01-18 19:11:09.612 [info] > git status -z -uall [448ms]
2026-01-18 19:11:09.730 [info] > git rev-parse --show-toplevel [669ms]
2026-01-18 19:11:09.772 [info] > git check-ignore -v -z --stdin [443ms]
2026-01-18 19:11:10.005 [info] > git for-each-ref --format=%(refname)%00%(upstream:short)%00%(objectname)%00%(upstream:track)%00%(upstream:remotename)%00%(upstream:remoteref) --ignore-case refs/heads/main refs/remotes/main [310ms]
2026-01-18 19:11:10.019 [info] > git for-each-ref --format=%(refname)%00%(upstream:short)%00%(objectname)%00%(upstream:track)%00%(upstream:remotename)%00%(upstream:remoteref) --ignore-case refs/heads/main refs/remotes/main [250ms]
2026-01-18 19:11:10.029 [info] > git rev-parse --show-toplevel [274ms]
2026-01-18 19:11:10.041 [info] > git config --get commit.template [312ms]
2026-01-18 19:11:10.230 [info] > git config --get --local branch.main.vscode-merge-base [212ms]
2026-01-18 19:11:10.255 [info] > git rev-parse --show-toplevel [215ms]
2026-01-18 19:11:10.260 [info] [Model][doInitialScan] Initial repository scan completed - repositories (1), closed repositories (0), parent repositories (0), unsafe repositories (0)
2026-01-18 19:11:10.285 [info] > git status -z -uall [231ms]
2026-01-18 19:11:10.298 [info] > git for-each-ref --sort -committerdate --format %(refname)%00%(objectname)%00%(*objectname) [234ms]
2026-01-18 19:11:10.453 [info] > git for-each-ref --format=%(refname)%00%(upstream:short)%00%(objectname)%00%(upstream:track)%00%(upstream:remotename)%00%(upstream:remoteref) --ignore-case refs/heads/origin/main refs/remotes/origin/main [212ms]
2026-01-18 19:11:10.482 [info] > git show --textconv :app/page.tsx [210ms]
2026-01-18 19:11:10.483 [info] > git ls-files --stage -- app/page.tsx [201ms]
2026-01-18 19:11:10.652 [info] > git merge-base refs/heads/main refs/remotes/origin/main [173ms]
2026-01-18 19:11:10.670 [info] > git merge-base refs/heads/main refs/remotes/origin/main [202ms]
2026-01-18 19:11:10.690 [info] > git cat-file -s 7c421c70f62b5e8a949742d67bc0f8b37b52d267 [195ms]
2026-01-18 19:11:11.024 [info] > git diff --raw --numstat --diff-filter=ADMR -z --find-renames=50% 927fc2f9a8b26a735e1b5660b72fdd4c50010e0e...refs/remotes/origin/main -- [342ms]
2026-01-18 19:11:11.026 [info] > git diff --raw --numstat --diff-filter=ADMR -z --find-renames=50% 927fc2f9a8b26a735e1b5660b72fdd4c50010e0e...refs/remotes/origin/main -- [359ms]
2026-01-18 19:11:11.027 [info] > git ls-files --stage -- app/page.tsx [307ms]
2026-01-18 19:11:11.055 [info] > git check-ignore -v -z --stdin [265ms]
2026-01-18 19:11:11.077 [info] > git blame --root --incremental 927fc2f9a8b26a735e1b5660b72fdd4c50010e0e -- app/page.tsx [252ms]
2026-01-18 19:11:11.262 [info] > git cat-file -s 7c421c70f62b5e8a949742d67bc0f8b37b52d267 [227ms]
2026-01-18 19:11:18.282 [info] > git fetch [9526ms]
2026-01-18 19:11:18.283 [info] fatal: unable to access 'https://github.com/collegenathaya/sporton-nathaya-task-1.git/': Failed to connect to github.com port 443 after 7982 ms: Could not connect to server
2026-01-18 19:11:20.258 [info] > git config --get commit.template [1792ms]
2026-01-18 19:11:20.259 [info] > git for-each-ref --format=%(refname)%00%(upstream:short)%00%(objectname)%00%(upstream:track)%00%(upstream:remotename)%00%(upstream:remoteref) --ignore-case refs/heads/main refs/remotes/main [1204ms]
2026-01-18 19:11:21.364 [info] > git status -z -uall [1093ms]
2026-01-18 19:11:21.480 [info] > git for-each-ref --sort -committerdate --format %(refname)%00%(objectname)%00%(*objectname) [1194ms]
2026-01-18 19:11:26.013 [info] > git config --get commit.template [334ms]
2026-01-18 19:11:26.092 [info] > git for-each-ref --format=%(refname)%00%(upstream:short)%00%(objectname)%00%(upstream:track)%00%(upstream:remotename)%00%(upstream:remoteref) --ignore-case refs/heads/main refs/remotes/main [403ms]
2026-01-18 19:11:26.733 [info] > git for-each-ref --sort -committerdate --format %(refname)%00%(objectname)%00%(*objectname) [513ms]
2026-01-18 19:11:26.756 [info] > git status -z -uall [622ms]
2026-01-18 19:15:54.590 [info] > git ls-files --stage -- app/page.tsx [106ms]
2026-01-18 19:15:54.731 [info] > git cat-file -s 7c421c70f62b5e8a949742d67bc0f8b37b52d267 [133ms]
2026-01-18 19:15:54.919 [info] > git fetch [1974ms]
2026-01-18 19:15:54.952 [info] > git show --textconv :app/page.tsx [208ms]
2026-01-18 19:15:55.142 [info] > git config --get commit.template [207ms]
2026-01-18 19:15:55.164 [info] > git for-each-ref --format=%(refname)%00%(upstream:short)%00%(objectname)%00%(upstream:track)%00%(upstream:remotename)%00%(upstream:remoteref) --ignore-case refs/heads/main refs/remotes/main [217ms]
2026-01-18 19:15:55.413 [info] > git for-each-ref --sort -committerdate --format %(refname)%00%(objectname)%00%(*objectname) [224ms]
2026-01-18 19:15:55.431 [info] > git status -z -uall [253ms]
2026-01-18 19:15:56.327 [info] > git ls-files --stage -- app/page.tsx [123ms]
2026-01-18 19:15:56.454 [info] > git cat-file -s 7c421c70f62b5e8a949742d67bc0f8b37b52d267 [120ms]
2026-01-18 19:15:56.576 [info] > git show --textconv :app/page.tsx [114ms]
2026-01-18 19:18:24.278 [info] > git check-ignore -v -z --stdin [147ms]
2026-01-18 19:18:27.149 [info] > git check-ignore -v -z --stdin [99ms]
2026-01-18 19:18:56.941 [info] > git ls-files --stage -- app/page.tsx [124ms]
2026-01-18 19:18:57.079 [info] > git cat-file -s 7c421c70f62b5e8a949742d67bc0f8b37b52d267 [130ms]
2026-01-18 19:18:57.147 [info] > git fetch [1681ms]
2026-01-18 19:18:57.229 [info] > git show --textconv :app/page.tsx [136ms]
2026-01-18 19:18:57.275 [info] > git config --get commit.template [118ms]
2026-01-18 19:18:57.290 [info] > git for-each-ref --format=%(refname)%00%(upstream:short)%00%(objectname)%00%(upstream:track)%00%(upstream:remotename)%00%(upstream:remoteref) --ignore-case refs/heads/main refs/remotes/main [126ms]
2026-01-18 19:18:57.417 [info] > git for-each-ref --sort -committerdate --format %(refname)%00%(objectname)%00%(*objectname) [111ms]
2026-01-18 19:18:57.444 [info] > git status -z -uall [146ms]
2026-01-18 19:18:58.328 [info] > git ls-files --stage -- app/page.tsx [100ms]
2026-01-18 19:18:58.453 [info] > git cat-file -s 7c421c70f62b5e8a949742d67bc0f8b37b52d267 [118ms]
2026-01-18 19:18:58.583 [info] > git show --textconv :app/page.tsx [120ms]
2026-01-18 19:20:20.346 [info] > git check-ignore -v -z --stdin [125ms]
2026-01-18 19:20:34.029 [info] > git config --get commit.template [132ms]
2026-01-18 19:20:34.045 [info] > git for-each-ref --format=%(refname)%00%(upstream:short)%00%(objectname)%00%(upstream:track)%00%(upstream:remotename)%00%(upstream:remoteref) --ignore-case refs/heads/main refs/remotes/main [135ms]
2026-01-18 19:20:34.183 [info] > git status -z -uall [129ms]
2026-01-18 19:20:34.187 [info] > git for-each-ref --sort -committerdate --format %(refname)%00%(objectname)%00%(*objectname) [126ms]
2026-01-18 19:21:47.941 [info] > git check-ignore -v -z --stdin [125ms]
2026-01-18 19:21:48.487 [info] > git check-ignore -v -z --stdin [131ms]
2026-01-18 19:21:53.200 [info] > git check-ignore -v -z --stdin [107ms]
2026-01-18 19:21:53.907 [info] > git check-ignore -v -z --stdin [128ms]
2026-01-18 19:21:55.135 [info] > git check-ignore -v -z --stdin [110ms]
2026-01-18 19:21:58.953 [info] > git ls-files --stage -- app/page.tsx [135ms]
2026-01-18 19:21:59.063 [info] > git fetch [1599ms]
2026-01-18 19:21:59.081 [info] > git cat-file -s 7c421c70f62b5e8a949742d67bc0f8b37b52d267 [121ms]
2026-01-18 19:21:59.185 [info] > git config --get commit.template [112ms]
2026-01-18 19:21:59.199 [info] > git for-each-ref --format=%(refname)%00%(upstream:short)%00%(objectname)%00%(upstream:track)%00%(upstream:remotename)%00%(upstream:remoteref) --ignore-case refs/heads/main refs/remotes/main [118ms]
2026-01-18 19:21:59.216 [info] > git show --textconv :app/page.tsx [122ms]
2026-01-18 19:21:59.322 [info] > git status -z -uall [115ms]
2026-01-18 19:21:59.325 [info] > git for-each-ref --sort -committerdate --format %(refname)%00%(objectname)%00%(*objectname) [110ms]
2026-01-18 19:22:00.316 [info] > git ls-files --stage -- app/page.tsx [140ms]
2026-01-18 19:22:00.476 [info] > git cat-file -s 7c421c70f62b5e8a949742d67bc0f8b37b52d267 [152ms]
2026-01-18 19:22:00.556 [info] > git check-ignore -v -z --stdin [134ms]
2026-01-18 19:22:00.617 [info] > git show --textconv :app/page.tsx [130ms]
2026-01-18 19:22:09.188 [info] > git check-ignore -v -z --stdin [99ms]
2026-01-18 19:22:09.617 [info] > git check-ignore -v -z --stdin [118ms]
2026-01-18 19:22:11.251 [info] > git check-ignore -v -z --stdin [103ms]
2026-01-18 19:22:15.176 [info] > git check-ignore -v -z --stdin [106ms]
2026-01-18 19:22:16.826 [info] > git check-ignore -v -z --stdin [100ms]
2026-01-18 19:22:20.925 [info] > git check-ignore -v -z --stdin [135ms]
2026-01-18 19:22:21.329 [info] > git check-ignore -v -z --stdin [116ms]
2026-01-18 19:22:21.617 [info] > git check-ignore -v -z --stdin [108ms]
2026-01-18 19:22:21.979 [info] > git check-ignore -v -z --stdin [124ms]
2026-01-18 19:22:22.269 [info] > git check-ignore -v -z --stdin [119ms]
2026-01-18 19:22:22.550 [info] > git check-ignore -v -z --stdin [117ms]
2026-01-18 19:22:22.826 [info] > git check-ignore -v -z --stdin [107ms]
2026-01-18 19:22:23.157 [info] > git check-ignore -v -z --stdin [124ms]
2026-01-18 19:22:23.571 [info] > git check-ignore -v -z --stdin [113ms]
2026-01-18 19:22:24.785 [info] > git check-ignore -v -z --stdin [113ms]
2026-01-18 19:22:59.307 [info] > git check-ignore -v -z --stdin [137ms]
2026-01-18 19:23:02.509 [info] > git check-ignore -v -z --stdin [109ms]
2026-01-18 19:25:59.055 [info] > git ls-files --stage -- app/page.tsx [474ms]
2026-01-18 19:25:59.292 [info] > git cat-file -s 7c421c70f62b5e8a949742d67bc0f8b37b52d267 [222ms]
2026-01-18 19:25:59.615 [info] > git show --textconv :app/page.tsx [292ms]
2026-01-18 19:25:59.940 [info] > git fetch [2863ms]
2026-01-18 19:26:00.124 [info] > git config --get commit.template [170ms]
2026-01-18 19:26:00.176 [info] > git for-each-ref --format=%(refname)%00%(upstream:short)%00%(objectname)%00%(upstream:track)%00%(upstream:remotename)%00%(upstream:remoteref) --ignore-case refs/heads/main refs/remotes/main [211ms]
2026-01-18 19:26:00.458 [info] > git status -z -uall [265ms]
2026-01-18 19:26:00.475 [info] > git for-each-ref --sort -committerdate --format %(refname)%00%(objectname)%00%(*objectname) [265ms]
2026-01-18 19:26:01.174 [info] > git ls-files --stage -- app/page.tsx [186ms]
2026-01-18 19:26:01.339 [info] > git cat-file -s 7c421c70f62b5e8a949742d67bc0f8b37b52d267 [158ms]
2026-01-18 19:26:01.470 [info] > git show --textconv :app/page.tsx [123ms]
2026-01-18 19:26:06.972 [info] > git check-ignore -v -z --stdin [139ms]
2026-01-18 19:26:08.639 [info] > git check-ignore -v -z --stdin [153ms]
2026-01-18 19:26:12.358 [info] > git config --get commit.template [153ms]
2026-01-18 19:26:12.373 [info] > git for-each-ref --format=%(refname)%00%(upstream:short)%00%(objectname)%00%(upstream:track)%00%(upstream:remotename)%00%(upstream:remoteref) --ignore-case refs/heads/main refs/remotes/main [160ms]
2026-01-18 19:26:12.514 [info] > git status -z -uall [133ms]
2026-01-18 19:26:12.518 [info] > git for-each-ref --sort -committerdate --format %(refname)%00%(objectname)%00%(*objectname) [128ms]
2026-01-18 19:26:25.840 [info] > git config --get commit.template [239ms]
2026-01-18 19:26:25.847 [info] > git for-each-ref --format=%(refname)%00%(upstream:short)%00%(objectname)%00%(upstream:track)%00%(upstream:remotename)%00%(upstream:remoteref) --ignore-case refs/heads/main refs/remotes/main [232ms]
2026-01-18 19:26:25.969 [info] > git status -z -uall [115ms]
2026-01-18 19:26:25.974 [info] > git for-each-ref --sort -committerdate --format %(refname)%00%(objectname)%00%(*objectname) [112ms]
2026-01-18 19:28:04.410 [info] > git config --get commit.template [138ms]
2026-01-18 19:28:04.424 [info] > git for-each-ref --format=%(refname)%00%(upstream:short)%00%(objectname)%00%(upstream:track)%00%(upstream:remotename)%00%(upstream:remoteref) --ignore-case refs/heads/main refs/remotes/main [141ms]
2026-01-18 19:28:04.556 [info] > git for-each-ref --sort -committerdate --format %(refname)%00%(objectname)%00%(*objectname) [118ms]
2026-01-18 19:28:04.565 [info] > git status -z -uall [134ms]
2026-01-18 19:28:38.345 [info] > git for-each-ref --format=%(refname)%00%(upstream:short)%00%(objectname)%00%(upstream:track)%00%(upstream:remotename)%00%(upstream:remoteref) --ignore-case refs/heads/main refs/remotes/main [149ms]
2026-01-18 19:28:38.352 [info] > git config --get commit.template [165ms]
2026-01-18 19:28:38.510 [info] > git for-each-ref --sort -committerdate --format %(refname)%00%(objectname)%00%(*objectname) [139ms]
2026-01-18 19:28:38.521 [info] > git status -z -uall [161ms]
2026-01-18 19:28:43.690 [info] > git config --get commit.template [148ms]
2026-01-18 19:28:43.698 [info] > git for-each-ref --format=%(refname)%00%(upstream:short)%00%(objectname)%00%(upstream:track)%00%(upstream:remotename)%00%(upstream:remoteref) --ignore-case refs/heads/main refs/remotes/main [145ms]
2026-01-18 19:28:43.825 [info] > git for-each-ref --sort -committerdate --format %(refname)%00%(objectname)%00%(*objectname) [113ms]
2026-01-18 19:28:43.827 [info] > git status -z -uall [121ms]
2026-01-18 19:29:01.987 [info] > git ls-files --stage -- app/page.tsx [139ms]
2026-01-18 19:29:02.081 [info] > git fetch [1575ms]
2026-01-18 19:29:02.110 [info] > git cat-file -s 7c421c70f62b5e8a949742d67bc0f8b37b52d267 [116ms]
2026-01-18 19:29:02.211 [info] > git config --get commit.template [122ms]
2026-01-18 19:29:02.228 [info] > git for-each-ref --format=%(refname)%00%(upstream:short)%00%(objectname)%00%(upstream:track)%00%(upstream:remotename)%00%(upstream:remoteref) --ignore-case refs/heads/main refs/remotes/main [133ms]
2026-01-18 19:29:02.246 [info] > git show --textconv :app/page.tsx [124ms]
2026-01-18 19:29:02.359 [info] > git for-each-ref --sort -committerdate --format %(refname)%00%(objectname)%00%(*objectname) [114ms]
2026-01-18 19:29:02.361 [info] > git status -z -uall [124ms]
2026-01-18 19:29:03.325 [info] > git ls-files --stage -- app/page.tsx [116ms]
2026-01-18 19:29:03.438 [info] > git cat-file -s 7c421c70f62b5e8a949742d67bc0f8b37b52d267 [107ms]
2026-01-18 19:29:03.592 [info] > git show --textconv :app/page.tsx [144ms]
2026-01-18 19:29:40.745 [info] > git for-each-ref --format=%(refname)%00%(upstream:short)%00%(objectname)%00%(upstream:track)%00%(upstream:remotename)%00%(upstream:remoteref) --ignore-case refs/heads/main refs/remotes/main [722ms]
2026-01-18 19:29:40.892 [info] > git config --get commit.template [907ms]
2026-01-18 19:29:41.313 [info] > git for-each-ref --sort -committerdate --format %(refname)%00%(objectname)%00%(*objectname) [397ms]
2026-01-18 19:29:41.345 [info] > git status -z -uall [440ms]
2026-01-18 19:29:46.572 [info] > git for-each-ref --format=%(refname)%00%(upstream:short)%00%(objectname)%00%(upstream:track)%00%(upstream:remotename)%00%(upstream:remoteref) --ignore-case refs/heads/main refs/remotes/main [190ms]
2026-01-18 19:29:46.591 [info] > git config --get commit.template [222ms]
2026-01-18 19:29:46.803 [info] > git status -z -uall [201ms]
2026-01-18 19:29:46.810 [info] > git for-each-ref --sort -committerdate --format %(refname)%00%(objectname)%00%(*objectname) [199ms]
2026-01-18 19:29:52.003 [info] > git config --get commit.template [161ms]
2026-01-18 19:29:52.016 [info] > git for-each-ref --format=%(refname)%00%(upstream:short)%00%(objectname)%00%(upstream:track)%00%(upstream:remotename)%00%(upstream:remoteref) --ignore-case refs/heads/main refs/remotes/main [155ms]
2026-01-18 19:29:52.164 [info] > git for-each-ref --sort -committerdate --format %(refname)%00%(objectname)%00%(*objectname) [124ms]
2026-01-18 19:29:52.170 [info] > git status -z -uall [143ms]
2026-01-18 19:38:36.510 [info] > git ls-files --stage -- app/page.tsx [119ms]
2026-01-18 19:38:36.634 [info] > git cat-file -s 7c421c70f62b5e8a949742d67bc0f8b37b52d267 [117ms]
2026-01-18 19:38:36.760 [info] > git fetch [1878ms]
2026-01-18 19:38:36.773 [info] > git show --textconv :app/page.tsx [116ms]
2026-01-18 19:38:36.891 [info] > git config --get commit.template [118ms]
2026-01-18 19:38:36.902 [info] > git for-each-ref --format=%(refname)%00%(upstream:short)%00%(objectname)%00%(upstream:track)%00%(upstream:remotename)%00%(upstream:remoteref) --ignore-case refs/heads/main refs/remotes/main [118ms]
2026-01-18 19:38:37.016 [info] > git for-each-ref --sort -committerdate --format %(refname)%00%(objectname)%00%(*objectname) [101ms]
2026-01-18 19:38:37.021 [info] > git status -z -uall [113ms]
2026-01-18 19:38:38.006 [info] > git ls-files --stage -- app/page.tsx [134ms]
2026-01-18 19:38:38.140 [info] > git cat-file -s 7c421c70f62b5e8a949742d67bc0f8b37b52d267 [127ms]
2026-01-18 19:38:38.276 [info] > git show --textconv :app/page.tsx [125ms]
2026-01-18 19:38:39.747 [info] > git check-ignore -v -z --stdin [141ms]
2026-01-18 19:38:41.750 [info] > git check-ignore -v -z --stdin [135ms]
2026-01-18 19:38:44.698 [info] > git check-ignore -v -z --stdin [138ms]
2026-01-18 19:38:45.279 [info] > git check-ignore -v -z --stdin [111ms]
2026-01-18 19:38:45.821 [info] > git check-ignore -v -z --stdin [121ms]
2026-01-18 19:38:46.692 [info] > git check-ignore -v -z --stdin [120ms]
2026-01-18 19:39:35.463 [info] > git check-ignore -v -z --stdin [134ms]
2026-01-18 19:39:36.029 [info] > git config --get commit.template [133ms]
2026-01-18 19:39:36.041 [info] > git for-each-ref --format=%(refname)%00%(upstream:short)%00%(objectname)%00%(upstream:track)%00%(upstream:remotename)%00%(upstream:remoteref) --ignore-case refs/heads/main refs/remotes/main [131ms]
2026-01-18 19:39:36.156 [info] > git for-each-ref --sort -committerdate --format %(refname)%00%(objectname)%00%(*objectname) [99ms]
2026-01-18 19:39:36.158 [info] > git status -z -uall [110ms]
2026-01-18 19:39:58.199 [info] > git check-ignore -v -z --stdin [217ms]
2026-01-18 19:39:58.314 [info] > git ls-files --stage -- app/page.tsx [97ms]
2026-01-18 19:39:58.319 [info] > git show --textconv :app/page.tsx [110ms]
2026-01-18 19:39:58.409 [info] > git cat-file -s 7c421c70f62b5e8a949742d67bc0f8b37b52d267 [91ms]
2026-01-18 19:40:01.861 [info] > git check-ignore -v -z --stdin [165ms]
2026-01-18 19:40:01.990 [info] > git show --textconv :app/page.tsx [119ms]
2026-01-18 19:40:01.993 [info] > git ls-files --stage -- app/page.tsx [115ms]
2026-01-18 19:40:02.110 [info] > git cat-file -s 7c421c70f62b5e8a949742d67bc0f8b37b52d267 [111ms]
2026-01-18 19:42:19.697 [info] > git fetch [1440ms]
2026-01-18 19:42:19.708 [info] > git ls-files --stage -- app/page.tsx [129ms]
2026-01-18 19:42:19.806 [info] > git config --get commit.template [98ms]
2026-01-18 19:42:19.814 [info] > git cat-file -s 7c421c70f62b5e8a949742d67bc0f8b37b52d267 [100ms]
2026-01-18 19:42:19.824 [info] > git for-each-ref --format=%(refname)%00%(upstream:short)%00%(objectname)%00%(upstream:track)%00%(upstream:remotename)%00%(upstream:remoteref) --ignore-case refs/heads/main refs/remotes/main [103ms]
2026-01-18 19:42:19.926 [info] > git show --textconv :app/page.tsx [104ms]
2026-01-18 19:42:19.943 [info] > git for-each-ref --sort -committerdate --format %(refname)%00%(objectname)%00%(*objectname) [105ms]
2026-01-18 19:42:19.949 [info] > git status -z -uall [118ms]
2026-01-18 19:42:20.918 [info] > git ls-files --stage -- app/page.tsx [121ms]
2026-01-18 19:42:21.010 [info] > git cat-file -s 7c421c70f62b5e8a949742d67bc0f8b37b52d267 [87ms]
2026-01-18 19:42:21.106 [info] > git show --textconv :app/page.tsx [89ms]
2026-01-18 19:42:30.410 [info] > git config --get commit.template [153ms]
2026-01-18 19:42:30.442 [info] > git for-each-ref --format=%(refname)%00%(upstream:short)%00%(objectname)%00%(upstream:track)%00%(upstream:remotename)%00%(upstream:remoteref) --ignore-case refs/heads/main refs/remotes/main [173ms]
2026-01-18 19:42:30.574 [info] > git for-each-ref --sort -committerdate --format %(refname)%00%(objectname)%00%(*objectname) [114ms]
2026-01-18 19:42:30.577 [info] > git status -z -uall [124ms]
2026-01-18 19:42:46.627 [info] > git check-ignore -v -z --stdin [126ms]
2026-01-18 19:42:47.337 [info] > git config --get commit.template [134ms]
2026-01-18 19:42:47.352 [info] > git for-each-ref --format=%(refname)%00%(upstream:short)%00%(objectname)%00%(upstream:track)%00%(upstream:remotename)%00%(upstream:remoteref) --ignore-case refs/heads/main refs/remotes/main [140ms]
2026-01-18 19:42:47.497 [info] > git for-each-ref --sort -committerdate --format %(refname)%00%(objectname)%00%(*objectname) [126ms]
2026-01-18 19:42:47.505 [info] > git status -z -uall [143ms]
2026-01-18 19:42:52.658 [info] > git config --get commit.template [132ms]
2026-01-18 19:42:52.675 [info] > git for-each-ref --format=%(refname)%00%(upstream:short)%00%(objectname)%00%(upstream:track)%00%(upstream:remotename)%00%(upstream:remoteref) --ignore-case refs/heads/main refs/remotes/main [138ms]
2026-01-18 19:42:52.813 [info] > git for-each-ref --sort -committerdate --format %(refname)%00%(objectname)%00%(*objectname) [121ms]
2026-01-18 19:42:52.819 [info] > git status -z -uall [137ms]
2026-01-18 19:43:27.038 [info] > git check-ignore -v -z --stdin [218ms]
2026-01-18 19:43:27.228 [info] > git check-ignore -v -z --stdin [232ms]
2026-01-18 19:43:27.235 [info] > git ls-files --stage -- app/product/page.tsx [157ms]
2026-01-18 19:43:27.250 [info] > git show --textconv :app/product/page.tsx [184ms]
2026-01-18 19:43:27.397 [info] > git hash-object -t tree /dev/null [148ms]
2026-01-18 19:43:27.399 [warning] [GitFileSystemProvider][stat] File not found - git:/c%3A/Users/colle/sporton-nath/app/product/page.tsx.git?%7B%22path%22%3A%22c%3A%5C%5CUsers%5C%5Ccolle%5C%5Csporton-nath%5C%5Capp%5C%5Cproduct%5C%5Cpage.tsx%22%2C%22ref%22%3A%22%22%7D
2026-01-18 19:43:27.405 [info] > git hash-object -t tree /dev/null [145ms]
2026-01-18 19:43:27.405 [warning] [GitFileSystemProvider][readFile] File not found - git:/c%3A/Users/colle/sporton-nath/app/product/page.tsx.git?%7B%22path%22%3A%22c%3A%5C%5CUsers%5C%5Ccolle%5C%5Csporton-nath%5C%5Capp%5C%5Cproduct%5C%5Cpage.tsx%22%2C%22ref%22%3A%22%22%7D
2026-01-18 19:43:28.448 [info] > git config --get commit.template [177ms]
2026-01-18 19:43:28.466 [info] > git for-each-ref --format=%(refname)%00%(upstream:short)%00%(objectname)%00%(upstream:track)%00%(upstream:remotename)%00%(upstream:remoteref) --ignore-case refs/heads/main refs/remotes/main [186ms]
2026-01-18 19:43:28.662 [info] > git status -z -uall [188ms]
2026-01-18 19:43:28.667 [info] > git for-each-ref --sort -committerdate --format %(refname)%00%(objectname)%00%(*objectname) [184ms]
2026-01-18 19:43:44.545 [info] > git for-each-ref --format=%(refname)%00%(upstream:short)%00%(objectname)%00%(upstream:track)%00%(upstream:remotename)%00%(upstream:remoteref) --ignore-case refs/heads/main refs/remotes/main [212ms]
2026-01-18 19:43:44.546 [info] > git config --get commit.template [222ms]
2026-01-18 19:43:44.672 [info] > git for-each-ref --sort -committerdate --format %(refname)%00%(objectname)%00%(*objectname) [106ms]
2026-01-18 19:43:44.676 [info] > git status -z -uall [121ms]
2026-01-18 19:43:59.428 [info] > git config --get commit.template [153ms]
2026-01-18 19:43:59.473 [info] > git for-each-ref --format=%(refname)%00%(upstream:short)%00%(objectname)%00%(upstream:track)%00%(upstream:remotename)%00%(upstream:remoteref) --ignore-case refs/heads/main refs/remotes/main [188ms]
2026-01-18 19:43:59.579 [info] > git for-each-ref --sort -committerdate --format %(refname)%00%(objectname)%00%(*objectname) [91ms]
2026-01-18 19:43:59.585 [info] > git status -z -uall [104ms]
2026-01-18 19:44:04.730 [info] > git config --get commit.template [123ms]
2026-01-18 19:44:04.744 [info] > git for-each-ref --format=%(refname)%00%(upstream:short)%00%(objectname)%00%(upstream:track)%00%(upstream:remotename)%00%(upstream:remoteref) --ignore-case refs/heads/main refs/remotes/main [127ms]
2026-01-18 19:44:04.862 [info] > git for-each-ref --sort -committerdate --format %(refname)%00%(objectname)%00%(*objectname) [103ms]
2026-01-18 19:44:04.871 [info] > git status -z -uall [119ms]
2026-01-18 19:44:38.027 [info] > git check-ignore -v -z --stdin [107ms]
2026-01-18 19:44:38.597 [info] > git config --get commit.template [129ms]
2026-01-18 19:44:38.607 [info] > git for-each-ref --format=%(refname)%00%(upstream:short)%00%(objectname)%00%(upstream:track)%00%(upstream:remotename)%00%(upstream:remoteref) --ignore-case refs/heads/main refs/remotes/main [129ms]
2026-01-18 19:44:38.719 [info] > git for-each-ref --sort -committerdate --format %(refname)%00%(objectname)%00%(*objectname) [99ms]
2026-01-18 19:44:38.722 [info] > git status -z -uall [108ms]
2026-01-18 19:44:43.861 [info] > git config --get commit.template [117ms]
2026-01-18 19:44:43.877 [info] > git for-each-ref --format=%(refname)%00%(upstream:short)%00%(objectname)%00%(upstream:track)%00%(upstream:remotename)%00%(upstream:remoteref) --ignore-case refs/heads/main refs/remotes/main [124ms]
2026-01-18 19:44:43.986 [info] > git for-each-ref --sort -committerdate --format %(refname)%00%(objectname)%00%(*objectname) [95ms]
2026-01-18 19:44:43.993 [info] > git status -z -uall [109ms]
2026-01-18 19:44:48.079 [info] > git check-ignore -v -z --stdin [139ms]
2026-01-18 19:44:48.241 [info] > git show --textconv :app/checkout/page.tsx [146ms]
2026-01-18 19:44:48.242 [warning] [GitFileSystemProvider][readFile] File not found - git:/c%3A/Users/colle/sporton-nath/app/checkout/page.tsx.git?%7B%22path%22%3A%22c%3A%5C%5CUsers%5C%5Ccolle%5C%5Csporton-nath%5C%5Capp%5C%5Ccheckout%5C%5Cpage.tsx%22%2C%22ref%22%3A%22%22%7D
2026-01-18 19:44:48.254 [info] > git ls-files --stage -- app/checkout/page.tsx [145ms]
2026-01-18 19:44:48.255 [warning] [GitFileSystemProvider][stat] File not found - git:/c%3A/Users/colle/sporton-nath/app/checkout/page.tsx.git?%7B%22path%22%3A%22c%3A%5C%5CUsers%5C%5Ccolle%5C%5Csporton-nath%5C%5Capp%5C%5Ccheckout%5C%5Cpage.tsx%22%2C%22ref%22%3A%22%22%7D
2026-01-18 19:44:48.287 [info] > git check-ignore -v -z --stdin [153ms]
2026-01-18 19:44:49.150 [info] > git config --get commit.template [107ms]
2026-01-18 19:44:49.164 [info] > git for-each-ref --format=%(refname)%00%(upstream:short)%00%(objectname)%00%(upstream:track)%00%(upstream:remotename)%00%(upstream:remoteref) --ignore-case refs/heads/main refs/remotes/main [113ms]
2026-01-18 19:44:49.290 [info] > git for-each-ref --sort -committerdate --format %(refname)%00%(objectname)%00%(*objectname) [114ms]
2026-01-18 19:44:49.295 [info] > git status -z -uall [124ms]
2026-01-18 19:45:02.602 [info] > git config --get commit.template [160ms]
2026-01-18 19:45:02.609 [info] > git for-each-ref --format=%(refname)%00%(upstream:short)%00%(objectname)%00%(upstream:track)%00%(upstream:remotename)%00%(upstream:remoteref) --ignore-case refs/heads/main refs/remotes/main [157ms]
2026-01-18 19:45:02.720 [info] > git for-each-ref --sort -committerdate --format %(refname)%00%(objectname)%00%(*objectname) [98ms]
2026-01-18 19:45:02.722 [info] > git status -z -uall [107ms]
2026-01-18 19:45:07.876 [info] > git config --get commit.template [126ms]
2026-01-18 19:45:07.885 [info] > git for-each-ref --format=%(refname)%00%(upstream:short)%00%(objectname)%00%(upstream:track)%00%(upstream:remotename)%00%(upstream:remoteref) --ignore-case refs/heads/main refs/remotes/main [128ms]
2026-01-18 19:45:08.345 [info] > git for-each-ref --sort -committerdate --format %(refname)%00%(objectname)%00%(*objectname) [443ms]
2026-01-18 19:45:08.505 [info] > git status -z -uall [612ms]
2026-01-18 19:45:22.581 [info] > git fetch [1639ms]
2026-01-18 19:45:22.692 [info] > git config --get commit.template [102ms]
2026-01-18 19:45:22.698 [info] > git for-each-ref --format=%(refname)%00%(upstream:short)%00%(objectname)%00%(upstream:track)%00%(upstream:remotename)%00%(upstream:remoteref) --ignore-case refs/heads/main refs/remotes/main [100ms]
2026-01-18 19:45:22.811 [info] > git for-each-ref --sort -committerdate --format %(refname)%00%(objectname)%00%(*objectname) [101ms]
2026-01-18 19:45:22.816 [info] > git status -z -uall [111ms]
2026-01-18 19:45:32.099 [info] > git check-ignore -v -z --stdin [111ms]
2026-01-18 19:45:32.766 [info] > git config --get commit.template [126ms]
2026-01-18 19:45:32.787 [info] > git for-each-ref --format=%(refname)%00%(upstream:short)%00%(objectname)%00%(upstream:track)%00%(upstream:remotename)%00%(upstream:remoteref) --ignore-case refs/heads/main refs/remotes/main [141ms]
2026-01-18 19:45:32.915 [info] > git for-each-ref --sort -committerdate --format %(refname)%00%(objectname)%00%(*objectname) [111ms]
2026-01-18 19:45:32.918 [info] > git status -z -uall [121ms]
2026-01-18 19:45:38.061 [info] > git config --get commit.template [122ms]
2026-01-18 19:45:38.075 [info] > git for-each-ref --format=%(refname)%00%(upstream:short)%00%(objectname)%00%(upstream:track)%00%(upstream:remotename)%00%(upstream:remoteref) --ignore-case refs/heads/main refs/remotes/main [128ms]
2026-01-18 19:45:38.188 [info] > git for-each-ref --sort -committerdate --format %(refname)%00%(objectname)%00%(*objectname) [100ms]
2026-01-18 19:45:38.190 [info] > git status -z -uall [108ms]
2026-01-18 19:45:44.636 [info] > git check-ignore -v -z --stdin [114ms]
2026-01-18 19:45:44.790 [info] > git show --textconv :app/payment/page.tsx [139ms]
2026-01-18 19:45:44.792 [warning] [GitFileSystemProvider][readFile] File not found - git:/c%3A/Users/colle/sporton-nath/app/payment/page.tsx.git?%7B%22path%22%3A%22c%3A%5C%5CUsers%5C%5Ccolle%5C%5Csporton-nath%5C%5Capp%5C%5Cpayment%5C%5Cpage.tsx%22%2C%22ref%22%3A%22%22%7D
2026-01-18 19:45:44.804 [info] > git ls-files --stage -- app/payment/page.tsx [142ms]
2026-01-18 19:45:44.805 [warning] [GitFileSystemProvider][stat] File not found - git:/c%3A/Users/colle/sporton-nath/app/payment/page.tsx.git?%7B%22path%22%3A%22c%3A%5C%5CUsers%5C%5Ccolle%5C%5Csporton-nath%5C%5Capp%5C%5Cpayment%5C%5Cpage.tsx%22%2C%22ref%22%3A%22%22%7D
2026-01-18 19:45:44.889 [info] > git check-ignore -v -z --stdin [142ms]
2026-01-18 19:45:45.783 [info] > git config --get commit.template [126ms]
2026-01-18 19:45:45.802 [info] > git for-each-ref --format=%(refname)%00%(upstream:short)%00%(objectname)%00%(upstream:track)%00%(upstream:remotename)%00%(upstream:remoteref) --ignore-case refs/heads/main refs/remotes/main [127ms]
2026-01-18 19:45:45.917 [info] > git status -z -uall [109ms]
2026-01-18 19:45:45.924 [info] > git for-each-ref --sort -committerdate --format %(refname)%00%(objectname)%00%(*objectname) [109ms]
2026-01-18 19:45:52.885 [info] > git config --get commit.template [157ms]
2026-01-18 19:45:52.892 [info] > git for-each-ref --format=%(refname)%00%(upstream:short)%00%(objectname)%00%(upstream:track)%00%(upstream:remotename)%00%(upstream:remoteref) --ignore-case refs/heads/main refs/remotes/main [132ms]
2026-01-18 19:45:53.005 [info] > git for-each-ref --sort -committerdate --format %(refname)%00%(objectname)%00%(*objectname) [100ms]
2026-01-18 19:45:53.009 [info] > git status -z -uall [110ms]
2026-01-18 19:46:21.727 [info] > git check-ignore -v -z --stdin [115ms]
2026-01-18 19:46:22.378 [info] > git config --get commit.template [118ms]
2026-01-18 19:46:22.399 [info] > git for-each-ref --format=%(refname)%00%(upstream:short)%00%(objectname)%00%(upstream:track)%00%(upstream:remotename)%00%(upstream:remoteref) --ignore-case refs/heads/main refs/remotes/main [129ms]
2026-01-18 19:46:22.507 [info] > git for-each-ref --sort -committerdate --format %(refname)%00%(objectname)%00%(*objectname) [95ms]
2026-01-18 19:46:22.514 [info] > git status -z -uall [109ms]
2026-01-18 19:46:27.653 [info] > git config --get commit.template [125ms]
2026-01-18 19:46:27.666 [info] > git for-each-ref --format=%(refname)%00%(upstream:short)%00%(objectname)%00%(upstream:track)%00%(upstream:remotename)%00%(upstream:remoteref) --ignore-case refs/heads/main refs/remotes/main [129ms]
2026-01-18 19:46:27.788 [info] > git status -z -uall [116ms]
2026-01-18 19:46:27.793 [info] > git for-each-ref --sort -committerdate --format %(refname)%00%(objectname)%00%(*objectname) [113ms]
2026-01-18 19:46:30.879 [info] > git check-ignore -v -z --stdin [139ms]
2026-01-18 19:46:31.029 [info] > git show --textconv :app/status/page.tsx [136ms]
2026-01-18 19:46:31.030 [warning] [GitFileSystemProvider][readFile] File not found - git:/c%3A/Users/colle/sporton-nath/app/status/page.tsx.git?%7B%22path%22%3A%22c%3A%5C%5CUsers%5C%5Ccolle%5C%5Csporton-nath%5C%5Capp%5C%5Cstatus%5C%5Cpage.tsx%22%2C%22ref%22%3A%22%22%7D
2026-01-18 19:46:31.046 [info] > git ls-files --stage -- app/status/page.tsx [143ms]
2026-01-18 19:46:31.048 [warning] [GitFileSystemProvider][stat] File not found - git:/c%3A/Users/colle/sporton-nath/app/status/page.tsx.git?%7B%22path%22%3A%22c%3A%5C%5CUsers%5C%5Ccolle%5C%5Csporton-nath%5C%5Capp%5C%5Cstatus%5C%5Cpage.tsx%22%2C%22ref%22%3A%22%22%7D
2026-01-18 19:46:31.088 [info] > git check-ignore -v -z --stdin [144ms]
2026-01-18 19:46:32.959 [info] > git config --get commit.template [137ms]
2026-01-18 19:46:32.977 [info] > git for-each-ref --format=%(refname)%00%(upstream:short)%00%(objectname)%00%(upstream:track)%00%(upstream:remotename)%00%(upstream:remoteref) --ignore-case refs/heads/main refs/remotes/main [142ms]
2026-01-18 19:46:33.093 [info] > git for-each-ref --sort -committerdate --format %(refname)%00%(objectname)%00%(*objectname) [104ms]
2026-01-18 19:46:33.101 [info] > git status -z -uall [117ms]
2026-01-18 19:46:40.629 [info] > git config --get commit.template [123ms]
2026-01-18 19:46:40.649 [info] > git for-each-ref --format=%(refname)%00%(upstream:short)%00%(objectname)%00%(upstream:track)%00%(upstream:remotename)%00%(upstream:remoteref) --ignore-case refs/heads/main refs/remotes/main [127ms]
2026-01-18 19:46:40.773 [info] > git for-each-ref --sort -committerdate --format %(refname)%00%(objectname)%00%(*objectname) [111ms]
2026-01-18 19:46:40.778 [info] > git status -z -uall [122ms]
2026-01-18 19:46:45.932 [info] > git config --get commit.template [125ms]
2026-01-18 19:46:45.944 [info] > git for-each-ref --format=%(refname)%00%(upstream:short)%00%(objectname)%00%(upstream:track)%00%(upstream:remotename)%00%(upstream:remoteref) --ignore-case refs/heads/main refs/remotes/main [128ms]
2026-01-18 19:46:46.079 [info] > git for-each-ref --sort -committerdate --format %(refname)%00%(objectname)%00%(*objectname) [121ms]
2026-01-18 19:46:46.088 [info] > git status -z -uall [138ms]
2026-01-18 19:47:17.416 [info] > git config --get commit.template [117ms]
2026-01-18 19:47:17.427 [info] > git for-each-ref --format=%(refname)%00%(upstream:short)%00%(objectname)%00%(upstream:track)%00%(upstream:remotename)%00%(upstream:remoteref) --ignore-case refs/heads/main refs/remotes/main [118ms]
2026-01-18 19:47:17.537 [info] > git for-each-ref --sort -committerdate --format %(refname)%00%(objectname)%00%(*objectname) [96ms]
2026-01-18 19:47:17.543 [info] > git status -z -uall [109ms]
2026-01-18 19:47:53.903 [info] > git config --get commit.template [115ms]
2026-01-18 19:47:53.918 [info] > git for-each-ref --format=%(refname)%00%(upstream:short)%00%(objectname)%00%(upstream:track)%00%(upstream:remotename)%00%(upstream:remoteref) --ignore-case refs/heads/main refs/remotes/main [123ms]
2026-01-18 19:47:54.030 [info] > git status -z -uall [104ms]
2026-01-18 19:47:54.031 [info] > git for-each-ref --sort -committerdate --format %(refname)%00%(objectname)%00%(*objectname) [100ms]
2026-01-18 19:48:15.269 [info] > git check-ignore -v -z --stdin [102ms]
2026-01-18 19:48:15.376 [info] > git show --textconv :app/page.tsx [98ms]
2026-01-18 19:48:15.380 [info] > git ls-files --stage -- app/page.tsx [96ms]
2026-01-18 19:48:15.476 [info] > git cat-file -s 7c421c70f62b5e8a949742d67bc0f8b37b52d267 [90ms]
2026-01-18 19:48:24.301 [info] > git ls-files --stage -- app/page.tsx [125ms]
2026-01-18 19:48:24.423 [info] > git cat-file -s 7c421c70f62b5e8a949742d67bc0f8b37b52d267 [114ms]
2026-01-18 19:48:24.509 [info] > git fetch [1672ms]
2026-01-18 19:48:24.532 [info] > git show --textconv :app/page.tsx [101ms]
2026-01-18 19:48:24.607 [info] > git config --get commit.template [91ms]
2026-01-18 19:48:24.625 [info] > git for-each-ref --format=%(refname)%00%(upstream:short)%00%(objectname)%00%(upstream:track)%00%(upstream:remotename)%00%(upstream:remoteref) --ignore-case refs/heads/main refs/remotes/main [102ms]
2026-01-18 19:48:24.731 [info] > git for-each-ref --sort -committerdate --format %(refname)%00%(objectname)%00%(*objectname) [94ms]
2026-01-18 19:48:24.735 [info] > git status -z -uall [104ms]
2026-01-18 19:48:25.196 [info] > git check-ignore -v -z --stdin [114ms]
2026-01-18 19:48:25.736 [info] > git ls-files --stage -- app/page.tsx [102ms]
2026-01-18 19:48:25.850 [info] > git cat-file -s 7c421c70f62b5e8a949742d67bc0f8b37b52d267 [109ms]
2026-01-18 19:48:25.961 [info] > git show --textconv :app/page.tsx [101ms]
2026-01-18 19:53:20.580 [info] > git fetch [1480ms]
2026-01-18 19:53:20.639 [info] > git ls-files --stage -- app/page.tsx [118ms]
2026-01-18 19:53:20.688 [info] > git config --get commit.template [100ms]
2026-01-18 19:53:20.704 [info] > git for-each-ref --format=%(refname)%00%(upstream:short)%00%(objectname)%00%(upstream:track)%00%(upstream:remotename)%00%(upstream:remoteref) --ignore-case refs/heads/main refs/remotes/main [108ms]
2026-01-18 19:53:20.749 [info] > git cat-file -s 7c421c70f62b5e8a949742d67bc0f8b37b52d267 [103ms]
2026-01-18 19:53:20.819 [info] > git for-each-ref --sort -committerdate --format %(refname)%00%(objectname)%00%(*objectname) [101ms]
2026-01-18 19:53:20.824 [info] > git status -z -uall [112ms]
2026-01-18 19:53:20.855 [info] > git show --textconv :app/page.tsx [98ms]
2026-01-18 19:53:21.308 [info] > git check-ignore -v -z --stdin [150ms]
2026-01-18 19:53:30.711 [info] > git ls-files --stage -- app/page.tsx [111ms]
2026-01-18 19:53:30.821 [info] > git cat-file -s 7c421c70f62b5e8a949742d67bc0f8b37b52d267 [104ms]
2026-01-18 19:53:30.933 [info] > git show --textconv :app/page.tsx [101ms]
2026-01-18 19:53:32.286 [info] > git check-ignore -v -z --stdin [114ms]
2026-01-18 19:53:34.095 [info] > git check-ignore -v -z --stdin [122ms]
2026-01-18 19:53:38.523 [info] > git config --get commit.template [121ms]
2026-01-18 19:53:38.531 [info] > git for-each-ref --format=%(refname)%00%(upstream:short)%00%(objectname)%00%(upstream:track)%00%(upstream:remotename)%00%(upstream:remoteref) --ignore-case refs/heads/main refs/remotes/main [121ms]
2026-01-18 19:53:38.650 [info] > git for-each-ref --sort -committerdate --format %(refname)%00%(objectname)%00%(*objectname) [105ms]
2026-01-18 19:53:38.656 [info] > git status -z -uall [119ms]
2026-01-18 19:53:39.099 [info] > git check-ignore -v -z --stdin [119ms]
2026-01-18 19:54:26.593 [info] > git config --get commit.template [146ms]
2026-01-18 19:54:26.597 [info] > git for-each-ref --format=%(refname)%00%(upstream:short)%00%(objectname)%00%(upstream:track)%00%(upstream:remotename)%00%(upstream:remoteref) --ignore-case refs/heads/main refs/remotes/main [141ms]
2026-01-18 19:54:26.707 [info] > git for-each-ref --sort -committerdate --format %(refname)%00%(objectname)%00%(*objectname) [96ms]
2026-01-18 19:54:26.712 [info] > git status -z -uall [109ms]
2026-01-18 19:54:27.196 [info] > git check-ignore -v -z --stdin [146ms]
2026-01-18 19:54:32.492 [info] > git config --get commit.template [141ms]
2026-01-18 19:54:32.510 [info] > git for-each-ref --format=%(refname)%00%(upstream:short)%00%(objectname)%00%(upstream:track)%00%(upstream:remotename)%00%(upstream:remoteref) --ignore-case refs/heads/main refs/remotes/main [146ms]
2026-01-18 19:54:32.679 [info] > git for-each-ref --sort -committerdate --format %(refname)%00%(objectname)%00%(*objectname) [152ms]
2026-01-18 19:54:32.691 [info] > git status -z -uall [172ms]
2026-01-18 19:54:33.140 [info] > git check-ignore -v -z --stdin [129ms]
2026-01-18 19:58:27.158 [info] > git config --get commit.template [216ms]
2026-01-18 19:58:27.159 [info] > git for-each-ref --format=%(refname)%00%(upstream:short)%00%(objectname)%00%(upstream:track)%00%(upstream:remotename)%00%(upstream:remoteref) --ignore-case refs/heads/main refs/remotes/main [203ms]
2026-01-18 19:58:27.293 [info] > git for-each-ref --sort -committerdate --format %(refname)%00%(objectname)%00%(*objectname) [111ms]
2026-01-18 19:58:27.299 [info] > git status -z -uall [131ms]
2026-01-18 19:58:27.738 [info] > git check-ignore -v -z --stdin [114ms]
2026-01-18 19:58:28.476 [info] > git ls-files --stage -- app/page.tsx [121ms]
2026-01-18 19:58:28.583 [info] > git fetch [1657ms]
2026-01-18 19:58:28.602 [info] > git cat-file -s 7c421c70f62b5e8a949742d67bc0f8b37b52d267 [119ms]
2026-01-18 19:58:28.716 [info] > git config --get commit.template [125ms]
2026-01-18 19:58:28.730 [info] > git for-each-ref --format=%(refname)%00%(upstream:short)%00%(objectname)%00%(upstream:track)%00%(upstream:remotename)%00%(upstream:remoteref) --ignore-case refs/heads/main refs/remotes/main [130ms]
2026-01-18 19:58:28.746 [info] > git show --textconv :app/page.tsx [126ms]
2026-01-18 19:58:28.841 [info] > git for-each-ref --sort -committerdate --format %(refname)%00%(objectname)%00%(*objectname) [96ms]
2026-01-18 19:58:28.848 [info] > git status -z -uall [109ms]
2026-01-18 19:58:29.291 [info] > git check-ignore -v -z --stdin [109ms]
2026-01-18 19:58:29.800 [info] > git ls-files --stage -- app/page.tsx [102ms]
2026-01-18 19:58:29.899 [info] > git cat-file -s 7c421c70f62b5e8a949742d67bc0f8b37b52d267 [94ms]
2026-01-18 19:58:30.017 [info] > git show --textconv :app/page.tsx [103ms]
2026-01-18 19:59:37.945 [info] > git check-ignore -v -z --stdin [139ms]
2026-01-18 19:59:39.671 [info] > git check-ignore -v -z --stdin [109ms]
2026-01-18 20:02:12.275 [info] > git ls-files --stage -- app/page.tsx [139ms]
2026-01-18 20:02:12.326 [info] > git fetch [1518ms]
2026-01-18 20:02:12.419 [info] > git cat-file -s 7c421c70f62b5e8a949742d67bc0f8b37b52d267 [137ms]
2026-01-18 20:02:12.512 [info] > git config --get commit.template [178ms]
2026-01-18 20:02:12.520 [info] > git for-each-ref --format=%(refname)%00%(upstream:short)%00%(objectname)%00%(upstream:track)%00%(upstream:remotename)%00%(upstream:remoteref) --ignore-case refs/heads/main refs/remotes/main [176ms]
2026-01-18 20:02:12.613 [info] > git show --textconv :app/page.tsx [166ms]
2026-01-18 20:02:12.705 [info] > git status -z -uall [178ms]
2026-01-18 20:02:12.709 [info] > git for-each-ref --sort -committerdate --format %(refname)%00%(objectname)%00%(*objectname) [174ms]
2026-01-18 20:02:13.206 [info] > git check-ignore -v -z --stdin [153ms]
2026-01-18 20:02:13.554 [info] > git ls-files --stage -- app/page.tsx [134ms]
2026-01-18 20:02:13.678 [info] > git cat-file -s 7c421c70f62b5e8a949742d67bc0f8b37b52d267 [117ms]
2026-01-18 20:02:13.789 [info] > git show --textconv :app/page.tsx [101ms]
2026-01-18 20:02:24.348 [info] > git check-ignore -v -z --stdin [116ms]
2026-01-18 20:02:27.340 [info] > git check-ignore -v -z --stdin [95ms]
2026-01-18 20:02:31.171 [info] > git config --get commit.template [211ms]
2026-01-18 20:02:31.191 [info] > git for-each-ref --format=%(refname)%00%(upstream:short)%00%(objectname)%00%(upstream:track)%00%(upstream:remotename)%00%(upstream:remoteref) --ignore-case refs/heads/main refs/remotes/main [208ms]
2026-01-18 20:02:31.312 [info] > git for-each-ref --sort -committerdate --format %(refname)%00%(objectname)%00%(*objectname) [108ms]
2026-01-18 20:02:31.316 [info] > git status -z -uall [118ms]
2026-01-18 20:02:31.793 [info] > git check-ignore -v -z --stdin [138ms]
2026-01-18 20:08:59.126 [info] > git config --get commit.template [269ms]
2026-01-18 20:08:59.171 [info] > git for-each-ref --format=%(refname)%00%(upstream:short)%00%(objectname)%00%(upstream:track)%00%(upstream:remotename)%00%(upstream:remoteref) --ignore-case refs/heads/main refs/remotes/main [303ms]
2026-01-18 20:08:59.376 [info] > git for-each-ref --sort -committerdate --format %(refname)%00%(objectname)%00%(*objectname) [179ms]
2026-01-18 20:08:59.407 [info] > git status -z -uall [223ms]
2026-01-18 20:08:59.858 [info] > git check-ignore -v -z --stdin [133ms]
2026-01-18 20:09:00.642 [info] > git ls-files --stage -- app/page.tsx [254ms]
2026-01-18 20:09:00.826 [info] > git fetch [1984ms]
2026-01-18 20:09:00.876 [info] > git cat-file -s 7c421c70f62b5e8a949742d67bc0f8b37b52d267 [222ms]
2026-01-18 20:09:01.042 [info] > git config --get commit.template [203ms]
2026-01-18 20:09:01.062 [info] > git for-each-ref --format=%(refname)%00%(upstream:short)%00%(objectname)%00%(upstream:track)%00%(upstream:remotename)%00%(upstream:remoteref) --ignore-case refs/heads/main refs/remotes/main [206ms]
2026-01-18 20:09:01.196 [info] > git show --textconv :app/page.tsx [209ms]
2026-01-18 20:09:01.281 [info] > git for-each-ref --sort -committerdate --format %(refname)%00%(objectname)%00%(*objectname) [195ms]
2026-01-18 20:09:01.292 [info] > git status -z -uall [217ms]
2026-01-18 20:09:01.979 [info] > git check-ignore -v -z --stdin [207ms]
2026-01-18 20:09:02.106 [info] > git ls-files --stage -- app/page.tsx [142ms]
2026-01-18 20:09:02.282 [info] > git cat-file -s 7c421c70f62b5e8a949742d67bc0f8b37b52d267 [166ms]
2026-01-18 20:09:02.477 [info] > git show --textconv :app/page.tsx [127ms]
2026-01-18 20:09:04.717 [info] > git config --get commit.template [289ms]
2026-01-18 20:09:04.729 [info] > git for-each-ref --format=%(refname)%00%(upstream:short)%00%(objectname)%00%(upstream:track)%00%(upstream:remotename)%00%(upstream:remoteref) --ignore-case refs/heads/main refs/remotes/main [265ms]
2026-01-18 20:09:04.783 [info] > git check-ignore -v -z --stdin [179ms]
2026-01-18 20:09:04.914 [info] > git for-each-ref --sort -committerdate --format %(refname)%00%(objectname)%00%(*objectname) [162ms]
2026-01-18 20:09:04.930 [info] > git status -z -uall [190ms]
2026-01-18 20:09:05.403 [info] > git check-ignore -v -z --stdin [135ms]
2026-01-18 20:09:06.621 [info] > git check-ignore -v -z --stdin [195ms]
2026-01-18 20:09:10.092 [info] > git config --get commit.template [139ms]
2026-01-18 20:09:10.115 [info] > git for-each-ref --format=%(refname)%00%(upstream:short)%00%(objectname)%00%(upstream:track)%00%(upstream:remotename)%00%(upstream:remoteref) --ignore-case refs/heads/main refs/remotes/main [153ms]
2026-01-18 20:09:10.280 [info] > git for-each-ref --sort -committerdate --format %(refname)%00%(objectname)%00%(*objectname) [145ms]
2026-01-18 20:09:10.295 [info] > git status -z -uall [170ms]
2026-01-18 20:09:10.782 [info] > git check-ignore -v -z --stdin [145ms]
2026-01-18 20:11:45.466 [info] > git for-each-ref --format=%(refname)%00%(upstream:short)%00%(objectname)%00%(upstream:track)%00%(upstream:remotename)%00%(upstream:remoteref) --ignore-case refs/heads/main refs/remotes/main [457ms]
2026-01-18 20:11:45.502 [info] > git config --get commit.template [506ms]
2026-01-18 20:11:45.763 [info] > git for-each-ref --sort -committerdate --format %(refname)%00%(objectname)%00%(*objectname) [229ms]
2026-01-18 20:11:45.794 [info] > git status -z -uall [277ms]
2026-01-18 20:11:46.269 [info] > git check-ignore -v -z --stdin [125ms]
2026-01-18 20:11:50.973 [info] > git config --get commit.template [155ms]
2026-01-18 20:11:50.989 [info] > git for-each-ref --format=%(refname)%00%(upstream:short)%00%(objectname)%00%(upstream:track)%00%(upstream:remotename)%00%(upstream:remoteref) --ignore-case refs/heads/main refs/remotes/main [163ms]
2026-01-18 20:11:51.156 [info] > git for-each-ref --sort -committerdate --format %(refname)%00%(objectname)%00%(*objectname) [145ms]
2026-01-18 20:11:51.168 [info] > git status -z -uall [169ms]
2026-01-18 20:11:51.643 [info] > git check-ignore -v -z --stdin [150ms]
2026-01-18 20:11:52.715 [info] > git check-ignore -v -z --stdin [122ms]
2026-01-18 20:11:54.441 [info] > git check-ignore -v -z --stdin [199ms]
2026-01-18 20:11:58.888 [info] > git config --get commit.template [155ms]
2026-01-18 20:11:58.907 [info] > git for-each-ref --format=%(refname)%00%(upstream:short)%00%(objectname)%00%(upstream:track)%00%(upstream:remotename)%00%(upstream:remoteref) --ignore-case refs/heads/main refs/remotes/main [163ms]
2026-01-18 20:11:59.096 [info] > git for-each-ref --sort -committerdate --format %(refname)%00%(objectname)%00%(*objectname) [168ms]
2026-01-18 20:11:59.120 [info] > git status -z -uall [203ms]
2026-01-18 20:11:59.592 [info] > git check-ignore -v -z --stdin [138ms]
2026-01-18 20:16:00.718 [info] > git config --get commit.template [322ms]
2026-01-18 20:16:00.729 [info] > git for-each-ref --format=%(refname)%00%(upstream:short)%00%(objectname)%00%(upstream:track)%00%(upstream:remotename)%00%(upstream:remoteref) --ignore-case refs/heads/main refs/remotes/main [319ms]
2026-01-18 20:16:01.084 [info] > git for-each-ref --sort -committerdate --format %(refname)%00%(objectname)%00%(*objectname) [328ms]
2026-01-18 20:16:01.086 [info] > git status -z -uall [342ms]
2026-01-18 20:16:01.589 [info] > git check-ignore -v -z --stdin [170ms]
2026-01-18 20:16:02.033 [info] > git ls-files --stage -- app/page.tsx [159ms]
2026-01-18 20:16:02.212 [info] > git cat-file -s 7c421c70f62b5e8a949742d67bc0f8b37b52d267 [168ms]
2026-01-18 20:16:02.291 [info] > git fetch [1909ms]
2026-01-18 20:16:02.435 [info] > git show --textconv :app/page.tsx [209ms]
2026-01-18 20:16:02.477 [info] > git config --get commit.template [172ms]
2026-01-18 20:16:02.497 [info] > git for-each-ref --format=%(refname)%00%(upstream:short)%00%(objectname)%00%(upstream:track)%00%(upstream:remotename)%00%(upstream:remoteref) --ignore-case refs/heads/main refs/remotes/main [180ms]
2026-01-18 20:16:02.632 [info] > git for-each-ref --sort -committerdate --format %(refname)%00%(objectname)%00%(*objectname) [115ms]
2026-01-18 20:16:02.639 [info] > git status -z -uall [131ms]
2026-01-18 20:16:03.094 [info] > git check-ignore -v -z --stdin [121ms]
2026-01-18 20:16:03.491 [info] > git ls-files --stage -- app/page.tsx [143ms]
2026-01-18 20:16:03.652 [info] > git cat-file -s 7c421c70f62b5e8a949742d67bc0f8b37b52d267 [153ms]
2026-01-18 20:16:03.843 [info] > git show --textconv :app/page.tsx [161ms]
2026-01-18 20:16:06.248 [info] > git config --get commit.template [123ms]
2026-01-18 20:16:06.261 [info] > git for-each-ref --format=%(refname)%00%(upstream:short)%00%(objectname)%00%(upstream:track)%00%(upstream:remotename)%00%(upstream:remoteref) --ignore-case refs/heads/main refs/remotes/main [124ms]
2026-01-18 20:16:06.395 [info] > git for-each-ref --sort -committerdate --format %(refname)%00%(objectname)%00%(*objectname) [120ms]
2026-01-18 20:16:06.401 [info] > git status -z -uall [133ms]
2026-01-18 20:16:06.854 [info] > git check-ignore -v -z --stdin [116ms]
2026-01-18 20:16:18.449 [info] > git config --get commit.template [137ms]
2026-01-18 20:16:18.457 [info] > git for-each-ref --format=%(refname)%00%(upstream:short)%00%(objectname)%00%(upstream:track)%00%(upstream:remotename)%00%(upstream:remoteref) --ignore-case refs/heads/main refs/remotes/main [136ms]
2026-01-18 20:16:18.579 [info] > git for-each-ref --sort -committerdate --format %(refname)%00%(objectname)%00%(*objectname) [107ms]
2026-01-18 20:16:18.590 [info] > git status -z -uall [125ms]
2026-01-18 20:16:44.968 [info] > git config --get commit.template [203ms]
2026-01-18 20:16:44.993 [info] > git for-each-ref --format=%(refname)%00%(upstream:short)%00%(objectname)%00%(upstream:track)%00%(upstream:remotename)%00%(upstream:remoteref) --ignore-case refs/heads/main refs/remotes/main [218ms]
2026-01-18 20:16:45.184 [info] > git for-each-ref --sort -committerdate --format %(refname)%00%(objectname)%00%(*objectname) [171ms]
2026-01-18 20:16:45.195 [info] > git status -z -uall [192ms]
2026-01-18 20:16:50.343 [info] > git config --get commit.template [127ms]
2026-01-18 20:16:50.355 [info] > git for-each-ref --format=%(refname)%00%(upstream:short)%00%(objectname)%00%(upstream:track)%00%(upstream:remotename)%00%(upstream:remoteref) --ignore-case refs/heads/main refs/remotes/main [131ms]
2026-01-18 20:16:50.493 [info] > git for-each-ref --sort -committerdate --format %(refname)%00%(objectname)%00%(*objectname) [122ms]
2026-01-18 20:16:50.500 [info] > git status -z -uall [137ms]
2026-01-18 20:17:03.090 [info] > git config --get commit.template [118ms]
2026-01-18 20:17:03.102 [info] > git for-each-ref --format=%(refname)%00%(upstream:short)%00%(objectname)%00%(upstream:track)%00%(upstream:remotename)%00%(upstream:remoteref) --ignore-case refs/heads/main refs/remotes/main [123ms]
2026-01-18 20:17:03.310 [info] > git for-each-ref --sort -committerdate --format %(refname)%00%(objectname)%00%(*objectname) [191ms]
2026-01-18 20:17:03.323 [info] > git status -z -uall [212ms]
2026-01-18 20:17:17.620 [info] > git config --get commit.template [202ms]
2026-01-18 20:17:17.640 [info] > git for-each-ref --format=%(refname)%00%(upstream:short)%00%(objectname)%00%(upstream:track)%00%(upstream:remotename)%00%(upstream:remoteref) --ignore-case refs/heads/main refs/remotes/main [208ms]
2026-01-18 20:17:17.871 [info] > git for-each-ref --sort -committerdate --format %(refname)%00%(objectname)%00%(*objectname) [208ms]
2026-01-18 20:17:17.894 [info] > git status -z -uall [244ms]
2026-01-18 20:17:23.099 [info] > git config --get commit.template [171ms]
2026-01-18 20:17:23.106 [info] > git for-each-ref --format=%(refname)%00%(upstream:short)%00%(objectname)%00%(upstream:track)%00%(upstream:remotename)%00%(upstream:remoteref) --ignore-case refs/heads/main refs/remotes/main [167ms]
2026-01-18 20:17:23.239 [info] > git for-each-ref --sort -committerdate --format %(refname)%00%(objectname)%00%(*objectname) [117ms]
2026-01-18 20:17:23.250 [info] > git status -z -uall [135ms]
2026-01-18 20:17:28.427 [info] > git config --get commit.template [153ms]
2026-01-18 20:17:28.446 [info] > git for-each-ref --format=%(refname)%00%(upstream:short)%00%(objectname)%00%(upstream:track)%00%(upstream:remotename)%00%(upstream:remoteref) --ignore-case refs/heads/main refs/remotes/main [160ms]
2026-01-18 20:17:28.632 [info] > git for-each-ref --sort -committerdate --format %(refname)%00%(objectname)%00%(*objectname) [168ms]
2026-01-18 20:17:28.639 [info] > git status -z -uall [184ms]
2026-01-18 20:17:45.662 [info] > git config --get commit.template [147ms]
2026-01-18 20:17:45.672 [info] > git for-each-ref --format=%(refname)%00%(upstream:short)%00%(objectname)%00%(upstream:track)%00%(upstream:remotename)%00%(upstream:remoteref) --ignore-case refs/heads/main refs/remotes/main [147ms]
2026-01-18 20:17:45.814 [info] > git for-each-ref --sort -committerdate --format %(refname)%00%(objectname)%00%(*objectname) [127ms]
2026-01-18 20:17:45.825 [info] > git status -z -uall [146ms]
2026-01-18 20:19:30.123 [info] > git config --get commit.template [229ms]
2026-01-18 20:19:30.136 [info] > git for-each-ref --format=%(refname)%00%(upstream:short)%00%(objectname)%00%(upstream:track)%00%(upstream:remotename)%00%(upstream:remoteref) --ignore-case refs/heads/main refs/remotes/main [222ms]
2026-01-18 20:19:30.453 [info] > git for-each-ref --sort -committerdate --format %(refname)%00%(objectname)%00%(*objectname) [294ms]
2026-01-18 20:19:30.454 [info] > git status -z -uall [307ms]
2026-01-18 20:19:31.624 [info] > git fetch [1748ms]
2026-01-18 20:19:31.749 [info] > git config --get commit.template [117ms]
2026-01-18 20:19:31.763 [info] > git for-each-ref --format=%(refname)%00%(upstream:short)%00%(objectname)%00%(upstream:track)%00%(upstream:remotename)%00%(upstream:remoteref) --ignore-case refs/heads/main refs/remotes/main [121ms]
2026-01-18 20:19:31.897 [info] > git for-each-ref --sort -committerdate --format %(refname)%00%(objectname)%00%(*objectname) [118ms]
2026-01-18 20:19:31.906 [info] > git status -z -uall [134ms]
2026-01-18 20:19:35.618 [info] > git config --get commit.template [137ms]
2026-01-18 20:19:35.638 [info] > git for-each-ref --format=%(refname)%00%(upstream:short)%00%(objectname)%00%(upstream:track)%00%(upstream:remotename)%00%(upstream:remoteref) --ignore-case refs/heads/main refs/remotes/main [148ms]
2026-01-18 20:19:35.784 [info] > git status -z -uall [136ms]
2026-01-18 20:19:35.790 [info] > git for-each-ref --sort -committerdate --format %(refname)%00%(objectname)%00%(*objectname) [133ms]
2026-01-18 20:19:40.948 [info] > git config --get commit.template [135ms]
2026-01-18 20:19:40.958 [info] > git for-each-ref --format=%(refname)%00%(upstream:short)%00%(objectname)%00%(upstream:track)%00%(upstream:remotename)%00%(upstream:remoteref) --ignore-case refs/heads/main refs/remotes/main [134ms]
2026-01-18 20:19:41.101 [info] > git for-each-ref --sort -committerdate --format %(refname)%00%(objectname)%00%(*objectname) [122ms]
2026-01-18 20:19:41.103 [info] > git status -z -uall [137ms]
2026-01-18 20:24:41.675 [info] > git for-each-ref --format=%(refname)%00%(upstream:short)%00%(objectname)%00%(upstream:track)%00%(upstream:remotename)%00%(upstream:remoteref) --ignore-case refs/heads/main refs/remotes/main [174ms]
2026-01-18 20:24:41.683 [info] > git config --get commit.template [196ms]
2026-01-18 20:24:41.823 [info] > git for-each-ref --sort -committerdate --format %(refname)%00%(objectname)%00%(*objectname) [124ms]
2026-01-18 20:24:41.846 [info] > git status -z -uall [155ms]
2026-01-18 20:24:42.896 [info] > git fetch [1425ms]
2026-01-18 20:24:43.017 [info] > git config --get commit.template [112ms]
2026-01-18 20:24:43.024 [info] > git for-each-ref --format=%(refname)%00%(upstream:short)%00%(objectname)%00%(upstream:track)%00%(upstream:remotename)%00%(upstream:remoteref) --ignore-case refs/heads/main refs/remotes/main [110ms]
2026-01-18 20:24:43.140 [info] > git for-each-ref --sort -committerdate --format %(refname)%00%(objectname)%00%(*objectname) [104ms]
2026-01-18 20:24:43.144 [info] > git status -z -uall [115ms]
2026-01-18 20:24:46.984 [info] > git config --get commit.template [116ms]
2026-01-18 20:24:46.989 [info] > git for-each-ref --format=%(refname)%00%(upstream:short)%00%(objectname)%00%(upstream:track)%00%(upstream:remotename)%00%(upstream:remoteref) --ignore-case refs/heads/main refs/remotes/main [114ms]
2026-01-18 20:24:47.115 [info] > git for-each-ref --sort -committerdate --format %(refname)%00%(objectname)%00%(*objectname) [111ms]
2026-01-18 20:24:47.124 [info] > git status -z -uall [128ms]
2026-01-18 20:24:53.499 [info] > git config --get commit.template [123ms]
2026-01-18 20:24:53.513 [info] > git for-each-ref --format=%(refname)%00%(upstream:short)%00%(objectname)%00%(upstream:track)%00%(upstream:remotename)%00%(upstream:remoteref) --ignore-case refs/heads/main refs/remotes/main [126ms]
2026-01-18 20:24:53.630 [info] > git for-each-ref --sort -committerdate --format %(refname)%00%(objectname)%00%(*objectname) [104ms]
2026-01-18 20:24:53.636 [info] > git status -z -uall [116ms]
2026-01-18 20:25:03.395 [info] > git config --get commit.template [178ms]
2026-01-18 20:25:03.409 [info] > git for-each-ref --format=%(refname)%00%(upstream:short)%00%(objectname)%00%(upstream:track)%00%(upstream:remotename)%00%(upstream:remoteref) --ignore-case refs/heads/main refs/remotes/main [176ms]
2026-01-18 20:25:03.556 [info] > git for-each-ref --sort -committerdate --format %(refname)%00%(objectname)%00%(*objectname) [134ms]
2026-01-18 20:25:03.569 [info] > git status -z -uall [153ms]
2026-01-18 20:25:08.918 [info] > git for-each-ref --format=%(refname)%00%(upstream:short)%00%(objectname)%00%(upstream:track)%00%(upstream:remotename)%00%(upstream:remoteref) --ignore-case refs/heads/main refs/remotes/main [319ms]
2026-01-18 20:25:08.919 [info] > git config --get commit.template [333ms]
2026-01-18 20:25:09.678 [info] > git for-each-ref --sort -committerdate --format %(refname)%00%(objectname)%00%(*objectname) [693ms]
2026-01-18 20:25:09.708 [info] > git status -z -uall [762ms]
2026-01-18 20:28:33.519 [info] > git config --get commit.template [217ms]
2026-01-18 20:28:33.523 [info] > git for-each-ref --format=%(refname)%00%(upstream:short)%00%(objectname)%00%(upstream:track)%00%(upstream:remotename)%00%(upstream:remoteref) --ignore-case refs/heads/main refs/remotes/main [202ms]
2026-01-18 20:28:33.704 [info] > git for-each-ref --sort -committerdate --format %(refname)%00%(objectname)%00%(*objectname) [165ms]
2026-01-18 20:28:33.742 [info] > git status -z -uall [209ms]
2026-01-18 20:28:34.784 [info] > git fetch [1524ms]
2026-01-18 20:28:34.903 [info] > git config --get commit.template [107ms]
2026-01-18 20:28:34.916 [info] > git for-each-ref --format=%(refname)%00%(upstream:short)%00%(objectname)%00%(upstream:track)%00%(upstream:remotename)%00%(upstream:remoteref) --ignore-case refs/heads/main refs/remotes/main [114ms]
2026-01-18 20:28:35.030 [info] > git for-each-ref --sort -committerdate --format %(refname)%00%(objectname)%00%(*objectname) [100ms]
2026-01-18 20:28:35.034 [info] > git status -z -uall [110ms]
2026-01-18 20:28:38.879 [info] > git config --get commit.template [102ms]
2026-01-18 20:28:38.890 [info] > git for-each-ref --format=%(refname)%00%(upstream:short)%00%(objectname)%00%(upstream:track)%00%(upstream:remotename)%00%(upstream:remoteref) --ignore-case refs/heads/main refs/remotes/main [106ms]
2026-01-18 20:28:39.007 [info] > git for-each-ref --sort -committerdate --format %(refname)%00%(objectname)%00%(*objectname) [104ms]
2026-01-18 20:28:39.014 [info] > git status -z -uall [117ms]
2026-01-18 20:28:48.815 [info] > git config --get commit.template [191ms]
2026-01-18 20:28:48.822 [info] > git for-each-ref --format=%(refname)%00%(upstream:short)%00%(objectname)%00%(upstream:track)%00%(upstream:remotename)%00%(upstream:remoteref) --ignore-case refs/heads/main refs/remotes/main [190ms]
2026-01-18 20:28:48.933 [info] > git for-each-ref --sort -committerdate --format %(refname)%00%(objectname)%00%(*objectname) [97ms]
2026-01-18 20:28:48.938 [info] > git status -z -uall [109ms]
2026-01-18 20:32:46.896 [info] > git config --get commit.template [119ms]
2026-01-18 20:32:46.916 [info] > git for-each-ref --format=%(refname)%00%(upstream:short)%00%(objectname)%00%(upstream:track)%00%(upstream:remotename)%00%(upstream:remoteref) --ignore-case refs/heads/main refs/remotes/main [126ms]
2026-01-18 20:32:47.020 [info] > git for-each-ref --sort -committerdate --format %(refname)%00%(objectname)%00%(*objectname) [90ms]
2026-01-18 20:32:47.024 [info] > git status -z -uall [101ms]
2026-01-18 20:32:47.905 [info] > git fetch [1142ms]
2026-01-18 20:32:48.015 [info] > git config --get commit.template [102ms]
2026-01-18 20:32:48.022 [info] > git for-each-ref --format=%(refname)%00%(upstream:short)%00%(objectname)%00%(upstream:track)%00%(upstream:remotename)%00%(upstream:remoteref) --ignore-case refs/heads/main refs/remotes/main [100ms]
2026-01-18 20:32:48.114 [info] > git for-each-ref --sort -committerdate --format %(refname)%00%(objectname)%00%(*objectname) [82ms]
2026-01-18 20:32:48.121 [info] > git status -z -uall [94ms]
2026-01-18 20:32:51.338 [info] > git log --format=%H%n%aN%n%aE%n%at%n%ct%n%P%n%D%n%B -z --shortstat --diff-merges=first-parent -n50 --skip=0 --topo-order --decorate=full --stdin [193ms]
2026-01-18 20:32:52.161 [info] > git config --get commit.template [113ms]
2026-01-18 20:32:52.181 [info] > git for-each-ref --format=%(refname)%00%(upstream:short)%00%(objectname)%00%(upstream:track)%00%(upstream:remotename)%00%(upstream:remoteref) --ignore-case refs/heads/main refs/remotes/main [104ms]
2026-01-18 20:32:52.273 [info] > git status -z -uall [87ms]
2026-01-18 20:32:52.284 [info] > git for-each-ref --sort -committerdate --format %(refname)%00%(objectname)%00%(*objectname) [92ms]
2026-01-18 20:32:53.132 [info] > git merge-base main origin/main [103ms]
2026-01-18 20:33:25.590 [info] > git add -A -- . [130ms]
2026-01-18 20:33:25.590 [info] warning: in the working copy of 'app/page.tsx', LF will be replaced by CRLF the next time Git touches it
warning: in the working copy of 'package-lock.json', LF will be replaced by CRLF the next time Git touches it
2026-01-18 20:33:26.463 [info] > git check-ignore -v -z --stdin [77ms]
2026-01-18 20:33:26.549 [info] > git show --textconv :.git/COMMIT_EDITMSG [77ms]
2026-01-18 20:33:26.550 [warning] [GitFileSystemProvider][readFile] File not found - git:/c%3A/Users/colle/sporton-nath/.git/COMMIT_EDITMSG.git?%7B%22path%22%3A%22c%3A%5C%5CUsers%5C%5Ccolle%5C%5Csporton-nath%5C%5C.git%5C%5CCOMMIT_EDITMSG%22%2C%22ref%22%3A%22%22%7D
2026-01-18 20:33:26.550 [info] > git ls-files --stage -- .git/COMMIT_EDITMSG [71ms]
2026-01-18 20:33:26.551 [warning] [GitFileSystemProvider][stat] File not found - git:/c%3A/Users/colle/sporton-nath/.git/COMMIT_EDITMSG.git?%7B%22path%22%3A%22c%3A%5C%5CUsers%5C%5Ccolle%5C%5Csporton-nath%5C%5C.git%5C%5CCOMMIT_EDITMSG%22%2C%22ref%22%3A%22%22%7D
2026-01-18 20:33:26.803 [info] > git check-ignore -v -z --stdin [68ms]
2026-01-18 20:37:33.510 [info] > git diff-tree -r --raw --numstat --diff-filter=ADMR -z --find-renames=50% 4b825dc642cb6eb9a060e54bf8d69288fbee4904 927fc2f9a8b26a735e1b5660b72fdd4c50010e0e -- [175ms]
2026-01-18 20:37:34.230 [info] > git check-ignore -v -z --stdin [108ms]
2026-01-18 20:37:55.398 [info] > git log --format=%H%n%aN%n%aE%n%at%n%ct%n%P%n%D%n%B -z --shortstat --diff-merges=first-parent -n50 --skip=0 --topo-order --decorate=full --stdin [89ms]
2026-01-18 20:37:55.475 [info] > git merge-base main origin/main [65ms]
2026-01-18 20:37:59.220 [info] > git check-ignore -v -z --stdin [117ms]
2026-01-18 20:37:59.352 [info] > git blame --root --incremental 927fc2f9a8b26a735e1b5660b72fdd4c50010e0e -- .git/COMMIT_EDITMSG [118ms]
2026-01-18 20:37:59.353 [info] fatal: no such path .git/COMMIT_EDITMSG in 927fc2f9a8b26a735e1b5660b72fdd4c50010e0e
2026-01-18 20:38:01.163 [info] > git check-ignore -v -z --stdin [114ms]
2026-01-18 20:38:02.306 [info] > git check-ignore -v -z --stdin [122ms]
2026-01-18 20:38:03.619 [info] > git check-ignore -v -z --stdin [115ms]
2026-01-18 20:38:04.180 [info] > git check-ignore -v -z --stdin [119ms]
2026-01-18 20:38:04.752 [info] > git check-ignore -v -z --stdin [111ms]
2026-01-18 20:38:05.697 [info] > git check-ignore -v -z --stdin [110ms]
2026-01-18 20:38:08.982 [info] > git check-ignore -v -z --stdin [114ms]
2026-01-18 20:38:09.485 [info] > git check-ignore -v -z --stdin [121ms]
2026-01-18 20:38:09.715 [info] > git check-ignore -v -z --stdin [61ms]
2026-01-18 20:38:10.508 [info] > git check-ignore -v -z --stdin [60ms]
2026-01-18 20:38:11.100 [info] > git check-ignore -v -z --stdin [61ms]
2026-01-18 20:40:38.437 [info] > git -c user.useConfigOnly=true commit --quiet [432839ms]
2026-01-18 20:40:38.625 [info] > git config --get commit.template [178ms]
2026-01-18 20:40:38.639 [info] > git for-each-ref --format=%(refname)%00%(upstream:short)%00%(objectname)%00%(upstream:track)%00%(upstream:remotename)%00%(upstream:remoteref) --ignore-case refs/heads/main refs/remotes/main [160ms]
2026-01-18 20:40:38.727 [info] > git status -z -uall [82ms]
2026-01-18 20:40:38.733 [info] > git for-each-ref --sort -committerdate --format %(refname)%00%(objectname)%00%(*objectname) [83ms]
2026-01-18 20:40:38.873 [info] > git merge-base refs/heads/main refs/remotes/origin/main [125ms]
2026-01-18 20:40:38.920 [info] > git config --get commit.template [133ms]
2026-01-18 20:40:38.935 [info] > git for-each-ref --format=%(refname)%00%(upstream:short)%00%(objectname)%00%(upstream:track)%00%(upstream:remotename)%00%(upstream:remoteref) --ignore-case refs/heads/main refs/remotes/main [142ms]
2026-01-18 20:40:38.974 [info] > git log --format=%H%n%aN%n%aE%n%at%n%ct%n%P%n%D%n%B -z --shortstat --diff-merges=first-parent -n50 --skip=0 --topo-order --decorate=full --stdin [202ms]
2026-01-18 20:40:39.025 [info] > git diff --raw --numstat --diff-filter=ADMR -z --find-renames=50% 927fc2f9a8b26a735e1b5660b72fdd4c50010e0e...refs/remotes/origin/main -- [142ms]
2026-01-18 20:40:39.079 [info] > git for-each-ref --sort -committerdate --format %(refname)%00%(objectname)%00%(*objectname) [128ms]
2026-01-18 20:40:39.082 [info] > git status -z -uall [140ms]
2026-01-18 20:40:39.105 [info] > git merge-base main origin/main [118ms]
2026-01-18 20:40:39.142 [info] > git check-ignore -v -z --stdin [87ms]
2026-01-18 20:40:39.243 [info] > git ls-files --stage -- app/status/page.tsx [70ms]
2026-01-18 20:40:39.268 [info] > git show --textconv :app/status/page.tsx [100ms]
2026-01-18 20:40:39.342 [info] > git cat-file -s 5752dbe116e77aba5bfab843ba87bde90ce824d2 [74ms]
2026-01-18 20:40:39.451 [info] > git blame --root --incremental da6db6265efa92d192c5beeb1b5a9c7ef2d5abbc -- app/status/page.tsx [72ms]
2026-01-18 20:40:40.231 [info] > git ls-files --stage -- app/status/page.tsx [93ms]
2026-01-18 20:40:40.313 [info] > git cat-file -s 5752dbe116e77aba5bfab843ba87bde90ce824d2 [76ms]
2026-01-18 20:40:40.396 [info] > git show --textconv :app/status/page.tsx [77ms]
2026-01-18 20:40:41.077 [info] > git fetch [2320ms]
2026-01-18 20:40:41.186 [info] > git config --get commit.template [100ms]
2026-01-18 20:40:41.203 [info] > git for-each-ref --format=%(refname)%00%(upstream:short)%00%(objectname)%00%(upstream:track)%00%(upstream:remotename)%00%(upstream:remoteref) --ignore-case refs/heads/main refs/remotes/main [108ms]
2026-01-18 20:40:41.299 [info] > git status -z -uall [90ms]
2026-01-18 20:40:41.302 [info] > git for-each-ref --sort -committerdate --format %(refname)%00%(objectname)%00%(*objectname) [87ms]
2026-01-18 20:40:42.360 [info] > git ls-files --stage -- app/status/page.tsx [114ms]
2026-01-18 20:40:42.466 [info] > git cat-file -s 5752dbe116e77aba5bfab843ba87bde90ce824d2 [98ms]
2026-01-18 20:40:42.582 [info] > git show --textconv :app/status/page.tsx [108ms]
2026-01-18 20:40:53.286 [info] > git log --format=%H%n%aN%n%aE%n%at%n%ct%n%P%n%D%n%B -z --shortstat --diff-merges=first-parent -n50 --skip=0 --topo-order --decorate=full --stdin [158ms]
2026-01-18 20:40:53.387 [info] > git merge-base main origin/main [92ms]
2026-01-18 20:41:41.521 [info] > git diff --raw --numstat --diff-filter=ADMR -z --find-renames=50% 927fc2f9a8b26a735e1b5660b72fdd4c50010e0e...da6db6265efa92d192c5beeb1b5a9c7ef2d5abbc -- [107ms]
2026-01-18 20:41:42.153 [info] > git check-ignore -v -z --stdin [95ms]
2026-01-18 20:42:50.746 [info] > git push origin main:main [4118ms]
2026-01-18 20:42:50.746 [info] To https://github.com/collegenathaya/sporton-nathaya-task-1.git
   927fc2f..da6db62  main -> main
2026-01-18 20:42:50.857 [info] > git config --get commit.template [102ms]
2026-01-18 20:42:50.876 [info] > git for-each-ref --format=%(refname)%00%(upstream:short)%00%(objectname)%00%(upstream:track)%00%(upstream:remotename)%00%(upstream:remoteref) --ignore-case refs/heads/main refs/remotes/main [113ms]
2026-01-18 20:42:50.978 [info] > git status -z -uall [94ms]
2026-01-18 20:42:50.979 [info] > git for-each-ref --sort -committerdate --format %(refname)%00%(objectname)%00%(*objectname) [86ms]
2026-01-18 20:42:51.074 [info] > git merge-base refs/heads/main refs/remotes/origin/main [83ms]
2026-01-18 20:42:51.126 [info] > git log --format=%H%n%aN%n%aE%n%at%n%ct%n%P%n%D%n%B -z --shortstat --diff-merges=first-parent -n50 --skip=0 --topo-order --decorate=full --stdin [125ms]
2026-01-18 20:42:51.159 [info] > git diff --raw --numstat --diff-filter=ADMR -z --find-renames=50% da6db6265efa92d192c5beeb1b5a9c7ef2d5abbc...refs/remotes/origin/main -- [77ms]
2026-01-18 20:42:51.201 [info] > git merge-base main origin/main [66ms]
2026-01-18 20:42:52.030 [info] > git ls-files --stage -- app/status/page.tsx [115ms]
2026-01-18 20:42:52.150 [info] > git cat-file -s 5752dbe116e77aba5bfab843ba87bde90ce824d2 [111ms]
2026-01-18 20:42:52.277 [info] > git show --textconv :app/status/page.tsx [118ms]
2026-01-18 20:43:09.166 [info] > git push origin main:main [2552ms]
2026-01-18 20:43:09.166 [info] Everything up-to-date
2026-01-18 20:43:09.259 [info] > git config --get commit.template [86ms]
2026-01-18 20:43:09.285 [info] > git for-each-ref --format=%(refname)%00%(upstream:short)%00%(objectname)%00%(upstream:track)%00%(upstream:remotename)%00%(upstream:remoteref) --ignore-case refs/heads/main refs/remotes/main [105ms]
2026-01-18 20:43:09.379 [info] > git status -z -uall [88ms]
2026-01-18 20:43:09.383 [info] > git for-each-ref --sort -committerdate --format %(refname)%00%(objectname)%00%(*objectname) [85ms]
2026-01-18 20:44:46.063 [info] > git ls-files --stage -- app/status/page.tsx [63ms]
2026-01-18 20:44:46.132 [info] > git cat-file -s 5752dbe116e77aba5bfab843ba87bde90ce824d2 [64ms]
2026-01-18 20:44:46.203 [info] > git show --textconv :app/status/page.tsx [66ms]
2026-01-18 20:45:06.012 [info] > git fetch [21286ms]
2026-01-18 20:45:06.012 [info] fatal: unable to access 'https://github.com/collegenathaya/sporton-nathaya-task-1.git/': Failed to connect to github.com port 443 after 21129 ms: Could not connect to server
2026-01-18 20:45:06.133 [info] > git config --get commit.template [110ms]
2026-01-18 20:45:06.143 [info] > git for-each-ref --format=%(refname)%00%(upstream:short)%00%(objectname)%00%(upstream:track)%00%(upstream:remotename)%00%(upstream:remoteref) --ignore-case refs/heads/main refs/remotes/main [113ms]
2026-01-18 20:45:06.232 [info] > git for-each-ref --sort -committerdate --format %(refname)%00%(objectname)%00%(*objectname) [76ms]
2026-01-18 20:45:06.240 [info] > git status -z -uall [90ms]
2026-01-18 20:46:53.275 [info] > git push origin main:main [21321ms]
2026-01-18 20:46:53.275 [info] fatal: unable to access 'https://github.com/collegenathaya/sporton-nathaya-task-1.git/': Failed to connect to github.com port 443 after 21072 ms: Could not connect to server
2026-01-18 20:46:53.356 [info] > git config --get commit.template [72ms]
2026-01-18 20:46:53.365 [info] > git for-each-ref --format=%(refname)%00%(upstream:short)%00%(objectname)%00%(upstream:track)%00%(upstream:remotename)%00%(upstream:remoteref) --ignore-case refs/heads/main refs/remotes/main [75ms]
2026-01-18 20:46:53.450 [info] > git for-each-ref --sort -committerdate --format %(refname)%00%(objectname)%00%(*objectname) [74ms]
2026-01-18 20:46:53.451 [info] > git status -z -uall [81ms]
2026-01-18 20:59:50.925 [info] > git fetch [1163ms]
2026-01-18 20:59:51.046 [info] > git config --get commit.template [111ms]
2026-01-18 20:59:51.051 [info] > git for-each-ref --format=%(refname)%00%(upstream:short)%00%(objectname)%00%(upstream:track)%00%(upstream:remotename)%00%(upstream:remoteref) --ignore-case refs/heads/main refs/remotes/main [109ms]
2026-01-18 20:59:51.250 [info] > git status -z -uall [192ms]
2026-01-18 20:59:51.261 [info] > git for-each-ref --sort -committerdate --format %(refname)%00%(objectname)%00%(*objectname) [195ms]
2026-01-18 20:59:51.268 [info] > git ls-files --stage -- app/status/page.tsx [175ms]
2026-01-18 20:59:51.360 [info] > git cat-file -s 5752dbe116e77aba5bfab843ba87bde90ce824d2 [86ms]
2026-01-18 20:59:51.452 [info] > git show --textconv :app/status/page.tsx [83ms]
2026-01-18 20:59:52.299 [info] > git ls-files --stage -- app/status/page.tsx [109ms]
2026-01-18 20:59:52.409 [info] > git cat-file -s 5752dbe116e77aba5bfab843ba87bde90ce824d2 [103ms]
2026-01-18 20:59:52.507 [info] > git show --textconv :app/status/page.tsx [89ms]
2026-01-18 21:10:31.196 [info] > git config --get commit.template [119ms]
2026-01-18 21:10:31.207 [info] > git for-each-ref --format=%(refname)%00%(upstream:short)%00%(objectname)%00%(upstream:track)%00%(upstream:remotename)%00%(upstream:remoteref) --ignore-case refs/heads/main refs/remotes/main [111ms]
2026-01-18 21:10:31.318 [info] > git status -z -uall [103ms]
2026-01-18 21:10:31.327 [info] > git for-each-ref --sort -committerdate --format %(refname)%00%(objectname)%00%(*objectname) [105ms]
2026-01-18 21:10:32.480 [info] > git ls-files --stage -- app/status/page.tsx [80ms]
2026-01-18 21:10:32.569 [info] > git cat-file -s 5752dbe116e77aba5bfab843ba87bde90ce824d2 [84ms]
2026-01-18 21:10:32.652 [info] > git show --textconv :app/status/page.tsx [76ms]
2026-01-18 21:10:32.950 [info] > git fetch [1898ms]
2026-01-18 21:10:33.061 [info] > git config --get commit.template [102ms]
2026-01-18 21:10:33.067 [info] > git for-each-ref --format=%(refname)%00%(upstream:short)%00%(objectname)%00%(upstream:track)%00%(upstream:remotename)%00%(upstream:remoteref) --ignore-case refs/heads/main refs/remotes/main [98ms]
2026-01-18 21:10:33.169 [info] > git status -z -uall [96ms]
2026-01-18 21:10:33.172 [info] > git for-each-ref --sort -committerdate --format %(refname)%00%(objectname)%00%(*objectname) [94ms]
2026-01-18 21:10:34.123 [info] > git ls-files --stage -- app/status/page.tsx [69ms]
2026-01-18 21:10:34.200 [info] > git cat-file -s 5752dbe116e77aba5bfab843ba87bde90ce824d2 [71ms]
2026-01-18 21:10:34.280 [info] > git show --textconv :app/status/page.tsx [74ms]
2026-01-18 21:10:36.789 [info] > git diff-tree -r --raw --numstat --diff-filter=ADMR -z --find-renames=50% 4b825dc642cb6eb9a060e54bf8d69288fbee4904 927fc2f9a8b26a735e1b5660b72fdd4c50010e0e -- [169ms]
2026-01-18 21:10:40.215 [info] > git check-ignore -v -z --stdin [88ms]
2026-01-18 21:10:43.206 [info] > git diff --raw --numstat --diff-filter=ADMR -z --find-renames=50% 927fc2f9a8b26a735e1b5660b72fdd4c50010e0e...da6db6265efa92d192c5beeb1b5a9c7ef2d5abbc -- [181ms]
2026-01-18 21:10:52.186 [info] > git check-ignore -v -z --stdin [113ms]
2026-01-18 21:10:52.314 [info] > git ls-files --stage -- app/page.tsx [103ms]
2026-01-18 21:10:52.321 [info] > git show --textconv :app/page.tsx [120ms]
2026-01-18 21:10:52.406 [info] > git cat-file -s bffb132e293983f8832273f67653579f49b515d8 [85ms]
2026-01-18 21:10:52.609 [info] > git blame --root --incremental da6db6265efa92d192c5beeb1b5a9c7ef2d5abbc -- app/page.tsx [155ms]
2026-01-18 21:10:59.300 [info] > git config --get commit.template [119ms]
2026-01-18 21:10:59.308 [info] > git for-each-ref --format=%(refname)%00%(upstream:short)%00%(objectname)%00%(upstream:track)%00%(upstream:remotename)%00%(upstream:remoteref) --ignore-case refs/heads/main refs/remotes/main [117ms]
2026-01-18 21:10:59.423 [info] > git for-each-ref --sort -committerdate --format %(refname)%00%(objectname)%00%(*objectname) [102ms]
2026-01-18 21:10:59.427 [info] > git status -z -uall [113ms]
2026-01-18 21:11:04.551 [info] > git config --get commit.template [105ms]
2026-01-18 21:11:04.571 [info] > git for-each-ref --format=%(refname)%00%(upstream:short)%00%(objectname)%00%(upstream:track)%00%(upstream:remotename)%00%(upstream:remoteref) --ignore-case refs/heads/main refs/remotes/main [119ms]
2026-01-18 21:11:04.693 [info] > git status -z -uall [114ms]
2026-01-18 21:11:04.694 [info] > git for-each-ref --sort -committerdate --format %(refname)%00%(objectname)%00%(*objectname) [107ms]
2026-01-18 21:12:10.504 [info] > git config --get commit.template [129ms]
2026-01-18 21:12:10.513 [info] > git for-each-ref --format=%(refname)%00%(upstream:short)%00%(objectname)%00%(upstream:track)%00%(upstream:remotename)%00%(upstream:remoteref) --ignore-case refs/heads/main refs/remotes/main [127ms]
2026-01-18 21:12:10.619 [info] > git status -z -uall [100ms]
2026-01-18 21:12:10.620 [info] > git for-each-ref --sort -committerdate --format %(refname)%00%(objectname)%00%(*objectname) [94ms]
2026-01-18 21:15:32.156 [info] > git ls-files --stage -- app/page.tsx [115ms]
2026-01-18 21:15:32.274 [info] > git cat-file -s bffb132e293983f8832273f67653579f49b515d8 [110ms]
2026-01-18 21:15:32.368 [info] > git show --textconv :app/page.tsx [85ms]
2026-01-18 21:15:32.967 [info] > git check-ignore -v -z --stdin [106ms]
2026-01-18 21:15:32.990 [info] > git fetch [2275ms]
2026-01-18 21:15:33.088 [info] > git config --get commit.template [92ms]
2026-01-18 21:15:33.102 [info] > git for-each-ref --format=%(refname)%00%(upstream:short)%00%(objectname)%00%(upstream:track)%00%(upstream:remotename)%00%(upstream:remoteref) --ignore-case refs/heads/main refs/remotes/main [97ms]
2026-01-18 21:15:33.286 [info] > git for-each-ref --sort -committerdate --format %(refname)%00%(objectname)%00%(*objectname) [166ms]
2026-01-18 21:15:33.291 [info] > git status -z -uall [185ms]
2026-01-18 21:15:34.182 [info] > git ls-files --stage -- app/page.tsx [70ms]
2026-01-18 21:15:34.257 [info] > git cat-file -s bffb132e293983f8832273f67653579f49b515d8 [70ms]
2026-01-18 21:15:34.368 [info] > git show --textconv :app/page.tsx [93ms]
2026-01-18 21:15:34.564 [info] > git check-ignore -v -z --stdin [88ms]
2026-01-18 21:15:40.599 [info] > git config --get commit.template [119ms]
2026-01-18 21:15:40.606 [info] > git for-each-ref --format=%(refname)%00%(upstream:short)%00%(objectname)%00%(upstream:track)%00%(upstream:remotename)%00%(upstream:remoteref) --ignore-case refs/heads/main refs/remotes/main [118ms]
2026-01-18 21:15:40.712 [info] > git status -z -uall [98ms]
2026-01-18 21:15:40.713 [info] > git for-each-ref --sort -committerdate --format %(refname)%00%(objectname)%00%(*objectname) [92ms]
2026-01-18 21:15:41.133 [info] > git check-ignore -v -z --stdin [107ms]
2026-01-18 21:16:20.156 [info] > git config --get commit.template [128ms]
2026-01-18 21:16:20.161 [info] > git for-each-ref --format=%(refname)%00%(upstream:short)%00%(objectname)%00%(upstream:track)%00%(upstream:remotename)%00%(upstream:remoteref) --ignore-case refs/heads/main refs/remotes/main [119ms]
2026-01-18 21:16:20.263 [info] > git for-each-ref --sort -committerdate --format %(refname)%00%(objectname)%00%(*objectname) [90ms]
2026-01-18 21:16:20.269 [info] > git status -z -uall [101ms]
2026-01-18 21:16:24.720 [info] > git log --format=%H%n%aN%n%aE%n%at%n%ct%n%P%n%D%n%B -z --shortstat --diff-merges=first-parent -n50 --skip=0 --topo-order --decorate=full --stdin [172ms]
2026-01-18 21:16:24.823 [info] > git merge-base main origin/main [87ms]
2026-01-18 21:16:24.941 [info] > git diff --raw --numstat --diff-filter=ADMR -z --find-renames=50% 927fc2f9a8b26a735e1b5660b72fdd4c50010e0e...da6db6265efa92d192c5beeb1b5a9c7ef2d5abbc -- [106ms]
2026-01-18 21:16:24.964 [info] > git diff-tree -r --raw --numstat --diff-filter=ADMR -z --find-renames=50% 4b825dc642cb6eb9a060e54bf8d69288fbee4904 927fc2f9a8b26a735e1b5660b72fdd4c50010e0e -- [120ms]
2026-01-18 21:16:25.401 [info] > git config --get commit.template [117ms]
2026-01-18 21:16:25.411 [info] > git for-each-ref --format=%(refname)%00%(upstream:short)%00%(objectname)%00%(upstream:track)%00%(upstream:remotename)%00%(upstream:remoteref) --ignore-case refs/heads/main refs/remotes/main [117ms]
2026-01-18 21:16:25.519 [info] > git status -z -uall [101ms]
2026-01-18 21:16:25.526 [info] > git for-each-ref --sort -committerdate --format %(refname)%00%(objectname)%00%(*objectname) [102ms]
2026-01-18 21:16:30.665 [info] > git config --get commit.template [123ms]
2026-01-18 21:16:30.674 [info] > git for-each-ref --format=%(refname)%00%(upstream:short)%00%(objectname)%00%(upstream:track)%00%(upstream:remotename)%00%(upstream:remoteref) --ignore-case refs/heads/main refs/remotes/main [123ms]
2026-01-18 21:16:30.771 [info] > git status -z -uall [89ms]
2026-01-18 21:16:30.777 [info] > git for-each-ref --sort -committerdate --format %(refname)%00%(objectname)%00%(*objectname) [88ms]
2026-01-18 21:16:35.010 [info] > git push origin main:main [3108ms]
2026-01-18 21:16:35.010 [info] Everything up-to-date
2026-01-18 21:16:35.131 [info] > git config --get commit.template [110ms]
2026-01-18 21:16:35.172 [info] > git for-each-ref --format=%(refname)%00%(upstream:short)%00%(objectname)%00%(upstream:track)%00%(upstream:remotename)%00%(upstream:remoteref) --ignore-case refs/heads/main refs/remotes/main [141ms]
2026-01-18 21:16:35.296 [info] > git for-each-ref --sort -committerdate --format %(refname)%00%(objectname)%00%(*objectname) [104ms]
2026-01-18 21:16:35.301 [info] > git status -z -uall [120ms]
2026-01-18 21:17:10.083 [info] > git for-each-ref --format=%(refname)%00%(upstream:short)%00%(objectname)%00%(upstream:track)%00%(upstream:remotename)%00%(upstream:remoteref) --ignore-case refs/heads/main refs/remotes/main [72ms]
2026-01-18 21:17:10.084 [info] > git config --get commit.template [77ms]
2026-01-18 21:17:10.167 [info] > git status -z -uall [77ms]
2026-01-18 21:17:10.170 [info] > git for-each-ref --sort -committerdate --format %(refname)%00%(objectname)%00%(*objectname) [75ms]
2026-01-18 21:17:15.291 [info] > git config --get commit.template [94ms]
2026-01-18 21:17:15.292 [info] > git for-each-ref --format=%(refname)%00%(upstream:short)%00%(objectname)%00%(upstream:track)%00%(upstream:remotename)%00%(upstream:remoteref) --ignore-case refs/heads/main refs/remotes/main [87ms]
2026-01-18 21:17:15.370 [info] > git status -z -uall [72ms]
2026-01-18 21:17:15.377 [info] > git for-each-ref --sort -committerdate --format %(refname)%00%(objectname)%00%(*objectname) [74ms]
2026-01-18 21:17:53.964 [info] > git log --format=%H%n%aN%n%aE%n%at%n%ct%n%P%n%D%n%B -z --shortstat --diff-merges=first-parent -n50 --skip=0 --topo-order --decorate=full --stdin [166ms]
2026-01-18 21:17:54.061 [info] > git merge-base main origin/main [84ms]
2026-01-18 21:18:23.852 [info] > git for-each-ref --sort -committerdate --format %(refname)%00%(objectname)%00%(*objectname) [139ms]
2026-01-18 21:18:25.545 [info] > git for-each-ref --sort -committerdate --format %(refname)%00%(objectname)%00%(*objectname) [118ms]
2026-01-18 21:18:29.342 [info] > git diff --raw --numstat --diff-filter=ADMR -z --find-renames=50% 927fc2f9a8b26a735e1b5660b72fdd4c50010e0e...da6db6265efa92d192c5beeb1b5a9c7ef2d5abbc -- [68ms]
2026-01-18 21:18:34.555 [info] > git fetch [1237ms]
2026-01-18 21:18:34.654 [info] > git config --get commit.template [88ms]
2026-01-18 21:18:34.664 [info] > git for-each-ref --format=%(refname)%00%(upstream:short)%00%(objectname)%00%(upstream:track)%00%(upstream:remotename)%00%(upstream:remoteref) --ignore-case refs/heads/main refs/remotes/main [91ms]
2026-01-18 21:18:34.747 [info] > git status -z -uall [77ms]
2026-01-18 21:18:34.754 [info] > git for-each-ref --sort -committerdate --format %(refname)%00%(objectname)%00%(*objectname) [79ms]
2026-01-18 21:18:35.787 [info] > git ls-files --stage -- app/page.tsx [117ms]
2026-01-18 21:18:35.885 [info] > git cat-file -s bffb132e293983f8832273f67653579f49b515d8 [90ms]
2026-01-18 21:18:35.963 [info] > git show --textconv :app/page.tsx [69ms]
